

                             _   _
                            (_) | |
      __ _   _ __   __   __  _  | |
     / _` | | '_ \  \ \ / / | | | |
    | (_| | | | | |  \ V /  | | | |
     \__,_| |_| |_|   \_/   |_| |_|

    1.5.1-stable (b0a9dd9ced 2025-12-22T11:39:01.425730780Z)
    https://github.com/foundry-rs/foundry

Available Accounts
==================

(0) 0xf39Fd6e51aad88F6F4ce6aB8827279cffFb92266 (10000.000000000000000000 ETH)
(1) 0x70997970C51812dc3A010C7d01b50e0d17dc79C8 (10000.000000000000000000 ETH)
(2) 0x3C44CdDdB6a900fa2b585dd299e03d12FA4293BC (10000.000000000000000000 ETH)
(3) 0x90F79bf6EB2c4f870365E785982E1f101E93b906 (10000.000000000000000000 ETH)
(4) 0x15d34AAf54267DB7D7c367839AAf71A00a2C6A65 (10000.000000000000000000 ETH)
(5) 0x9965507D1a55bcC2695C58ba16FB37d819B0A4dc (10000.000000000000000000 ETH)
(6) 0x976EA74026E726554dB657fA54763abd0C3a0aa9 (10000.000000000000000000 ETH)
(7) 0x14dC79964da2C08b23698B3D3cc7Ca32193d9955 (10000.000000000000000000 ETH)
(8) 0x23618e81E3f5cdF7f54C3d65f7FBc0aBf5B21E8f (10000.000000000000000000 ETH)
(9) 0xa0Ee7A142d267C1f36714E4a8F75612F20a79720 (10000.000000000000000000 ETH)

Private Keys
==================

(0) 0xac0974bec39a17e36ba4a6b4d238ff944bacb478cbed5efcae784d7bf4f2ff80
(1) 0x59c6995e998f97a5a0044966f0945389dc9e86dae88c7a8412f4603b6b78690d
(2) 0x5de4111afa1a4b94908f83103eb1f1706367c2e68ca870fc3fb9a804cdab365a
(3) 0x7c852118294e51e653712a81e05800f419141751be58f605c371e15141b007a6
(4) 0x47e179ec197488593b187f80a00eb0da91f1b9d0b13f8733639f19c30a34926a
(5) 0x8b3a350cf5c34c9194ca85829a2df0ec3153be0318b5e2d3348e872092edffba
(6) 0x92db14e403b83dfe3df233f83dfa3a0d7096f21ca9b0d6d6b8d88b2b4ec1564e
(7) 0x4bbbf85ce3377467afe5d46f804f221813b2bb87f24d81f60f1fcdbf7cbf4356
(8) 0xdbda1821b80551c9d65939329250298aa3472ba22feea921c0cf5d620ea67b97
(9) 0x2a871d0798f97d79848a013d4936a73bf4cc922c825d33c1cf7073dff6d409c6

Wallet
==================
Mnemonic:          test test test test test test test test test test test junk
Derivation path:   m/44'/60'/0'/0/


Fork
==================
Endpoint:       https://eth-mainnet.g.alchemy.com/v2/***REDACTED_ALCHEMY***
Block number:   24363333
Block hash:     0x86f9f0283195b70496f7dfedc0e6d39f5f022b93c4b5f5535cd82b6e19260e53
Chain ID:       1

Base Fee
==================

961058812

Gas Limit
==================

60000000

Genesis Timestamp
==================

1769979682

Genesis Number
==================

0

Listening on 0.0.0.0:8545
eth_blockNumber
eth_blockNumber
eth_getTransactionCount
eth_getCode
eth_gasPrice
eth_getBlockByNumber
eth_chainId
eth_getBlockByNumber
eth_gasPrice
eth_chainId
eth_chainId
eth_chainId
eth_gasPrice
eth_getBlockByNumber
eth_chainId
eth_chainId
eth_feeHistory
eth_feeHistory
eth_sendRawTransaction
eth_sendRawTransaction
eth_sendRawTransaction
eth_sendRawTransaction
eth_sendRawTransaction
eth_sendRawTransaction
eth_sendRawTransaction
eth_sendRawTransaction
eth_sendRawTransaction
eth_sendRawTransaction
eth_sendRawTransaction
eth_sendRawTransaction
eth_sendRawTransaction
eth_sendRawTransaction

    Transaction: 0xf99b4d262726737f77459d907de61f834b2277f34e090ee3e854cd7bf53cc5e1
    Contract created: 0xFc02907822F655e06C0d3a28a634D18D9c2a5b90
    Gas used: 96445

    Block Number: 24363334
    Block Hash: 0x6e648d0bc328ed55aa124e015af94a9c145b539e391f494eaa291143447c3da1
    Block Time: "Sun, 1 Feb 2026 16:54:01 +0000"


    Transaction: 0x80baef9b7a515919ef22e9e2bfb1c1a4c537db5bb947d3007ec6a3f414fbd964
    Contract created: 0xb68a202cE0FB25ea7648eA29Ff632fCd66c2262f
    Gas used: 675272

    Block Number: 24363335
    Block Hash: 0x718318ebd01ad4109c8a245dc3f2948538ed9d7eff0a3a19c1ed88a87836efe1
    Block Time: "Sun, 1 Feb 2026 16:54:01 +0000"

eth_getTransactionReceipt
eth_getTransactionReceipt
eth_getTransactionReceipt
eth_getTransactionReceipt
eth_getTransactionReceipt
eth_getTransactionReceipt
eth_getTransactionReceipt
eth_getTransactionReceipt
eth_getTransactionReceipt
eth_getTransactionReceipt
eth_getTransactionReceipt
eth_getTransactionReceipt
eth_getTransactionReceipt
eth_getTransactionReceipt
eth_blockNumber
eth_getTransactionReceipt
eth_getBlockByNumber
eth_getBlockByNumber
eth_getTransactionReceipt
eth_getTransactionReceipt
eth_getTransactionReceipt
eth_getTransactionReceipt
eth_getTransactionReceipt
eth_getTransactionReceipt
eth_getTransactionReceipt
eth_getTransactionReceipt
eth_getTransactionReceipt
eth_getTransactionReceipt
eth_blockNumber
eth_getTransactionReceipt
eth_getTransactionReceipt
eth_getTransactionReceipt
eth_getTransactionReceipt
eth_getTransactionReceipt
eth_getTransactionReceipt
eth_getTransactionReceipt
eth_getTransactionReceipt
eth_getTransactionReceipt
eth_blockNumber
eth_getTransactionReceipt
eth_getTransactionReceipt
eth_getTransactionReceipt
eth_getTransactionReceipt
eth_getTransactionReceipt
eth_getTransactionReceipt
eth_getTransactionReceipt
eth_getTransactionReceipt
eth_getTransactionReceipt
eth_getTransactionReceipt
eth_getTransactionReceipt
eth_blockNumber
eth_getTransactionReceipt
eth_getTransactionReceipt
eth_getTransactionReceipt
eth_getTransactionReceipt
eth_getTransactionReceipt
eth_getTransactionReceipt
eth_getTransactionReceipt
eth_getTransactionReceipt
eth_getTransactionReceipt
eth_getTransactionReceipt
eth_blockNumber
eth_getTransactionReceipt
eth_getTransactionReceipt
eth_getTransactionReceipt
eth_getTransactionReceipt
eth_getTransactionReceipt
eth_getTransactionReceipt
eth_getTransactionReceipt
eth_getTransactionReceipt
eth_getTransactionReceipt
eth_getTransactionReceipt
eth_getTransactionReceipt
eth_getTransactionReceipt
eth_blockNumber
eth_getTransactionReceipt
eth_getTransactionReceipt
eth_getTransactionReceipt
eth_getTransactionReceipt
eth_getTransactionReceipt
eth_getTransactionReceipt
eth_getTransactionReceipt

    Transaction: 0xdb98f6f63060c353034d636d6eba2e869874fc88f1c4c6950e8e917cdfb12d82
    Contract created: 0xa3ce5424489ed5D8cff238009c61ab48Ef852F6D
    Gas used: 341635

    Transaction: 0x9b6f7e8dedd176e3b0cffc4929100c35b30507fd1fa32fc83a1542e55535e9b7
    Gas used: 5499382

    Transaction: 0xafa09edaa00006b0397cc6214a85e6dc77d603607ee37b97de9516fefad98fb7
    Contract created: 0x099f633DafFe8e4Fb13Cf399F5509E4e5AF53719
    Gas used: 5726838

    Transaction: 0xd2c1e865aea2c3f5666a5a016cd44e734c5ec8e306c6b5e9c3cb1c2472cd6674
    Contract created: 0x81Ec458fA8dC91b76c903Ec9cBB83D423D4022AB
    Gas used: 6206325

    Transaction: 0x6b7eea9075e9fb0d2d48ad38222f1b94e3296a51f6132bde43318b8d783049eb
    Contract created: 0x11d51B9bec07CdCB55E845E14BB9784C11D8A6AC
    Gas used: 7023469

    Transaction: 0xd138d2524f9429065494ce2c82e092938da9da70981046438bc476277f7a69a0
    Contract created: 0x62e5c8AA289a610bd16d38fF49e46B038623B29f
    Gas used: 7275838

    Transaction: 0x59975656d8f950398d3ffa846b5c5950335744c4db012a7b5b6e7981e906896e
    Contract created: 0x6d58FCd2a76E96EEd81fD930bF6712FEDABE403c
    Gas used: 8115056

    Transaction: 0x1cdecea6b6453f4d15d8d5d3a8f02c154938207d0d8b09904150650ad9efd937
    Contract created: 0xD1dF7ED77228E38C8799e56FaE9E4488ab0C70F2
    Gas used: 10981503

    Transaction: 0x17474f7afcaec31b44e308c4c9026f7390af78bc86e97d90d049820c9fa1a029
    Contract created: 0xBf7877CCB45f6d792c581fcbDd1150caD486B284
    Gas used: 14839715

    Transaction: 0x033d38a8eb0e22be8f3da973b1582adb58b198a8613252aea6e941893f0389fa
    Contract created: 0x766542304e16e3585D569705b0eff4756EfA6caC
    Gas used: 17946357

    Transaction: 0x5275a7048388dd8e2bb686e38b2afd22bef921d89410e9115a3117512e2e2b72
    Gas used: 17990477

    Transaction: 0x5a3bb32fe1b8502b8790a13234a8e2f5b4d691079c47f2c0a88c8116df74a819
    Gas used: 18037287

    Block Number: 24363336
    Block Hash: 0xeaa54cd3ba717f9cfb2a831b6f4ac4a92615070e7cdeaf4c1c162764fd1b96a1
    Block Time: "Sun, 1 Feb 2026 16:54:01 +0000"

eth_getTransactionReceipt
eth_getTransactionReceipt
eth_getTransactionReceipt
eth_getTransactionReceipt
eth_getTransactionReceipt
eth_getTransactionReceipt
eth_getTransactionReceipt
eth_getTransactionReceipt
eth_blockNumber
eth_getBlockByNumber
eth_getTransactionReceipt
eth_getTransactionReceipt
eth_getTransactionReceipt
eth_getTransactionReceipt
eth_getTransactionReceipt
eth_getTransactionReceipt
eth_getTransactionCount
eth_getCode
eth_getBlockByNumber
eth_chainId
eth_gasPrice
eth_gasPrice
eth_chainId
eth_getBlockByNumber
eth_getTransactionCount
eth_getCode
eth_getBalance
eth_getAccountInfo
eth_getTransactionCount
eth_getCode
eth_getBalance
eth_getTransactionCount
eth_getBalance
eth_getCode
eth_getBalance
eth_getCode
eth_getTransactionCount
eth_getTransactionCount
eth_getBalance
eth_getCode
eth_getBalance
eth_getTransactionCount
eth_getCode
eth_getCode
eth_getBalance
eth_getTransactionCount
eth_getStorageAt
eth_getStorageAt
eth_getStorageAt
eth_getStorageAt
eth_getBalance
eth_getCode
eth_getTransactionCount
eth_getStorageAt
eth_getStorageAt
eth_getCode
eth_getTransactionCount
eth_getBalance
eth_getStorageAt
eth_getBalance
eth_getCode
eth_getTransactionCount
eth_getTransactionCount
eth_getBalance
eth_getCode
eth_getTransactionCount
eth_getBalance
eth_getCode
eth_getStorageAt
eth_getBalance
eth_getTransactionCount
eth_getCode
eth_getStorageAt
eth_getTransactionCount
eth_getBalance
eth_getCode
eth_getTransactionCount
eth_getBalance
eth_getCode
eth_getBalance
eth_getCode
eth_getTransactionCount
eth_getStorageAt
eth_getTransactionCount
eth_getBalance
eth_getCode
eth_getStorageAt
eth_getStorageAt
eth_getStorageAt
eth_getStorageAt
eth_getStorageAt
eth_getStorageAt
eth_getStorageAt
eth_getStorageAt
eth_getBalance
eth_getTransactionCount
eth_getCode
eth_getStorageAt
eth_getCode
eth_getTransactionCount
eth_getBalance
eth_getCode
eth_getBalance
eth_getTransactionCount
eth_getStorageAt
eth_getStorageAt
eth_getStorageAt
eth_getStorageAt
eth_getStorageAt
eth_getStorageAt
eth_getTransactionCount
eth_getBalance
eth_getCode
eth_getStorageAt
eth_getStorageAt
eth_getStorageAt
eth_getStorageAt
eth_getStorageAt
eth_getTransactionCount
eth_getBalance
eth_getCode
eth_getStorageAt
eth_getStorageAt
eth_getStorageAt
eth_getStorageAt
eth_getStorageAt
eth_getStorageAt
eth_getStorageAt
eth_getStorageAt
eth_getStorageAt
eth_getStorageAt
eth_getStorageAt
eth_getStorageAt
eth_getStorageAt
eth_getStorageAt
eth_getStorageAt
eth_getStorageAt
eth_getStorageAt
eth_getStorageAt
eth_chainId
eth_chainId
eth_gasPrice
eth_getBlockByNumber
eth_chainId
eth_chainId
eth_feeHistory
eth_feeHistory
eth_sendRawTransaction
eth_getTransactionReceipt

    Transaction: 0x952a8bf0510c58e184727bf16cdca86a373a93a7c2dc3a0cab2de39ba0935c7c
    Gas used: 2523348

    Block Number: 24363337
    Block Hash: 0xa7a76a36364a60d101b60b374ff485875e732b5968820fbc1b8ad2946c80bbf8
    Block Time: "Sun, 1 Feb 2026 16:54:24 +0000"

eth_blockNumber
eth_getBlockByNumber
eth_getTransactionReceipt
eth_getBlockByNumber
eth_getLogs
eth_blockNumber
eth_getLogs
eth_blockNumber
eth_blockNumber
eth_getLogs
eth_blockNumber
eth_getLogs
web3_clientVersion
eth_chainId
eth_call

RPC request failed:
    Request: EthCall(WithOtherFields { inner: TransactionRequest { from: None, to: Some(Call(0x62e5c8aa289a610bd16d38ff49e46b038623b29f)), gas_price: None, max_fee_per_gas: None, max_priority_fee_per_gas: None, max_fee_per_blob_gas: None, gas: None, value: None, input: TransactionInput { input: None, data: Some(0x8c38e5866b63870a1260fcb989a7459c5e537d9f8a1f76890dd88927f105de03d513b33c) }, nonce: None, chain_id: None, access_list: None, transaction_type: None, blob_versioned_hashes: None, sidecar: None, authorization_list: None }, other: OtherFields {} }, Some(latest), None, None)
    Error: Execution error: execution reverted

eth_chainId
eth_blockNumber
eth_blockNumber
eth_getLogs
eth_chainId
eth_getTransactionCount
eth_call
eth_chainId
eth_getTransactionCount
eth_call
anvil_impersonateAccount
eth_chainId
eth_getTransactionCount
eth_feeHistory
eth_estimateGas
eth_sendTransaction
eth_getTransactionReceipt

    Transaction: 0xab8d2e1f912cbdb5f8152100e97e56e15385977130e7501fe2d5274b916ef5cc
    Gas used: 55582

    Block Number: 24363338
    Block Hash: 0x7acff3e6db00764a9f7ccf156395ae6b23a49b2a3fc63a5a159eee25e2068ec7
    Block Time: "Sun, 1 Feb 2026 16:54:32 +0000"

eth_getTransactionReceipt
eth_getTransactionReceipt
eth_chainId
eth_getTransactionCount
eth_feeHistory
eth_estimateGas
eth_blockNumber
eth_getLogs
eth_blockNumber
eth_getLogs
eth_sendTransaction
eth_getTransactionReceipt

    Transaction: 0x28e0ab919849fd06b8346b934535c1aa4f9bd5562754545630ac0ec18cf8cbd2
    Gas used: 202319

    Block Number: 24363339
    Block Hash: 0x342fe953fb28863a7db73b051a8c25e2443ef37b85eb15c27415640c33a944f5
    Block Time: "Sun, 1 Feb 2026 16:54:33 +0000"

eth_getTransactionReceipt
eth_getTransactionReceipt
anvil_stopImpersonatingAccount
eth_chainId
eth_getTransactionCount
eth_call
evm_increaseTime
evm_mine

    Block Number: 24363340
    Block Hash: 0xdb05412c5eca224f1be4025350ddfb6c2f3252bdc2e2b15c5187de57f85b1b94
    Block Time: "Sun, 1 Feb 2026 18:54:33 +0000"

eth_chainId
eth_getTransactionCount
eth_feeHistory
eth_estimateGas
eth_sendRawTransaction

    Transaction: 0x9761a76d806a0d765ff45e92b7fe1180b2826cf200bee7a1467f78b2105fc63f
    Gas used: 343719

    Block Number: 24363341
    Block Hash: 0xacd76f8f2be6bc52dcf64304e690864159fc4d45c4358767a9e9bbc1467c568a
    Block Time: "Sun, 1 Feb 2026 18:54:33 +0000"

eth_getTransactionReceipt
eth_chainId
eth_getTransactionCount
eth_feeHistory
eth_estimateGas
eth_sendRawTransaction
eth_getTransactionReceipt

    Transaction: 0xbb4e665a01589eda363a3d980be88c9e8c277ac7ff6b786f675b6bc4bf237bae
    Gas used: 117663

    Block Number: 24363342
    Block Hash: 0xe74ae8eef00e4d759c01534a546874ffec9819ef862bd84466a8bb276dbf4ded
    Block Time: "Sun, 1 Feb 2026 18:54:33 +0000"

eth_getTransactionReceipt
eth_getTransactionReceipt
eth_chainId
eth_getTransactionCount
eth_call
eth_chainId
eth_getTransactionCount
eth_feeHistory
eth_estimateGas
eth_sendRawTransaction
eth_getTransactionReceipt

    Transaction: 0x4a19215357a3f10702319889daf1eb2b80e0f21497fb4b615b8999936ff73b31
    Gas used: 334909

    Block Number: 24363343
    Block Hash: 0x0884d97973d2148f7239ca527f589b632d3f3efb3824e854617a2c912c1ef43c
    Block Time: "Sun, 1 Feb 2026 18:54:34 +0000"

eth_getTransactionReceipt
eth_getTransactionReceipt
eth_chainId
eth_getTransactionCount
eth_call
eth_chainId
eth_getTransactionCount
eth_feeHistory
eth_estimateGas
eth_sendRawTransaction
eth_getTransactionReceipt

    Transaction: 0xd86aefe2bfa8f201cf9170a4a0e8a6182ce4566d35f6cafa70e98bdc50cc750c
    Gas used: 183704

    Block Number: 24363344
    Block Hash: 0x8408fe05dd175b2a30ed81075740a1af6992bf4573ca143e7acc221bd0a730aa
    Block Time: "Sun, 1 Feb 2026 18:54:34 +0000"

eth_getTransactionReceipt
eth_getTransactionReceipt
eth_chainId
eth_getTransactionCount
eth_feeHistory
eth_estimateGas
eth_sendRawTransaction
eth_getTransactionReceipt

    Transaction: 0xafb05659eeb803fe90d0f12c914f9150a1ca897c51fec8835e67426e786b72b3
    Gas used: 208894

    Block Number: 24363345
    Block Hash: 0x4670a3834253795719d3b6a7750f48046a55dbe27984f0c5a77249e854ef06e7
    Block Time: "Sun, 1 Feb 2026 18:54:34 +0000"

eth_getTransactionReceipt
eth_getTransactionReceipt
eth_chainId
eth_getTransactionCount
eth_call
eth_chainId
eth_getTransactionCount
eth_call
eth_chainId
eth_getTransactionCount
eth_feeHistory
eth_estimateGas
eth_sendRawTransaction

    Transaction: 0xb982b43e67c8585cb1d919a5bfddc4d82914a0bad335d1bbe3f5b2d7a1b67978
    Gas used: 46189

    Block Number: 24363346
    Block Hash: 0xb00d4339609bca5faa407649ac7bd74e061b6f4badc6991439a673efff4045ac
    Block Time: "Sun, 1 Feb 2026 18:54:34 +0000"

eth_getTransactionReceipt
eth_chainId
eth_getTransactionCount
eth_feeHistory
eth_estimateGas
eth_sendRawTransaction

    Transaction: 0x6e2278966f9632f8f4c44a7d4a00826372570a6867e67383ba2a972813796399
    Gas used: 51564

eth_getTransactionReceipt
    Block Number: 24363347
    Block Hash: 0xceb0bcdfc1b257891585b31cf4b37577f79aa1cffc60ae82e0c7561377331bd2
    Block Time: "Sun, 1 Feb 2026 18:54:34 +0000"

eth_chainId
eth_blockNumber
eth_getLogs
eth_blockNumber
eth_getLogs
eth_blockNumber
eth_getLogs
eth_blockNumber
eth_blockNumber
eth_getLogs
eth_blockNumber
eth_getLogs
eth_blockNumber
eth_blockNumber
eth_getLogs
eth_blockNumber
eth_blockNumber
eth_getLogs
eth_blockNumber
eth_getLogs
eth_blockNumber
eth_blockNumber
eth_getLogs
eth_blockNumber
eth_blockNumber
eth_getLogs
eth_blockNumber
eth_getLogs
eth_blockNumber
eth_blockNumber
eth_getLogs
eth_blockNumber
eth_blockNumber
eth_getLogs
eth_chainId
eth_getTransactionCount
eth_call
eth_chainId
eth_getTransactionCount
eth_call
anvil_impersonateAccount
eth_chainId
eth_getTransactionCount
eth_feeHistory
eth_estimateGas
eth_sendTransaction

    Transaction: 0xf73847805c188ef925d1d143fda6150d561ed719cd94a80cf5712b38fa85f059
    Gas used: 55582

    Block Number: 24363348
    Block Hash: 0x700ffcc42f8fad2f6638d315c33df74ab1192364472ca395bb807ec42d54836b
    Block Time: "Sun, 1 Feb 2026 18:54:58 +0000"

eth_getTransactionReceipt
eth_chainId
eth_getTransactionCount
eth_feeHistory
eth_estimateGas
eth_sendTransaction
eth_getTransactionReceipt

    Transaction: 0x5ec0ed16105091a8f8f6267b0cdad08b8244a7243dda54d49f9241eae8e762d6
    Gas used: 160434

    Block Number: 24363349
    Block Hash: 0x19eb3ca70f00c8d64862e1aa4a2cb4ad620ca8908dc981ab07662b7d83ca6ba5
    Block Time: "Sun, 1 Feb 2026 18:54:58 +0000"

eth_getTransactionReceipt
eth_getTransactionReceipt
anvil_stopImpersonatingAccount
eth_chainId
eth_getTransactionCount
eth_call
evm_increaseTime
evm_mine

    Block Number: 24363350
    Block Hash: 0x0e794c93ab12b5ebd2e532709a21319ab0be97903127d8096f749f17e16c68b6
    Block Time: "Sun, 1 Feb 2026 20:54:58 +0000"

eth_chainId
eth_getTransactionCount
eth_feeHistory
eth_estimateGas
eth_sendRawTransaction
eth_getTransactionReceipt

    Transaction: 0x34b0a09cdb5509f0b5804eb82686cf8db1ac91d364a983fb738c31c87b072c18
    Gas used: 326631

    Block Number: 24363351
    Block Hash: 0x34cf5d064152765044e74af1d5f2fa0910ccf8023355eef6bc64af067e818bd1
    Block Time: "Sun, 1 Feb 2026 20:54:58 +0000"

eth_getTransactionReceipt
eth_getTransactionReceipt
eth_chainId
eth_getTransactionCount
eth_feeHistory
eth_estimateGas
eth_sendRawTransaction
eth_getTransactionReceipt

    Transaction: 0x047d63e47663d008db25543a76f56bcece92287f94a6d6a8b491073b8fb82aae
    Gas used: 117675

    Block Number: 24363352
    Block Hash: 0x7993396f9c29dc8ae11f4ed0df65f9a1c5abd79b2a00e6dc59ba796a622ba061
    Block Time: "Sun, 1 Feb 2026 20:54:58 +0000"

eth_getTransactionReceipt
eth_getTransactionReceipt
eth_chainId
eth_getTransactionCount
eth_call
eth_chainId
eth_getTransactionCount
eth_feeHistory
eth_estimateGas
eth_sendRawTransaction

    Transaction: 0x10ac4dac184917555ce5f0529fe41623bd93914237a46c0f7cfba04c6be50053
    Gas used: 317809

    Block Number: 24363353
    Block Hash: 0xeba98ae8d4dcad4b996e29dfdf0de5d9d3958ddc48aa3ee64f611d8788cbaf94
    Block Time: "Sun, 1 Feb 2026 20:54:58 +0000"

eth_getTransactionReceipt
eth_chainId
eth_getTransactionCount
eth_call
eth_chainId
eth_getTransactionCount
eth_feeHistory
eth_estimateGas
eth_sendRawTransaction
eth_getTransactionReceipt

    Transaction: 0x9fec428ebc814eb57fbe4075346c80c1d56a36f918cb7c82a8d140bc797df0a9
    Gas used: 166604

    Block Number: 24363354
    Block Hash: 0x8eda605ba6bdfc3442d9e3501e363686660728d7964b2315c735d1593086fd4a
    Block Time: "Sun, 1 Feb 2026 20:54:58 +0000"

eth_getTransactionReceipt
eth_getTransactionReceipt
eth_chainId
eth_getTransactionCount
eth_feeHistory
eth_estimateGas
eth_sendRawTransaction
eth_getTransactionReceipt

    Transaction: 0xc3aa4d0ab0bfe0cf9af396303eafa1fe246cd856b1ec0bf1e5555117f641a10f
    Gas used: 204625

    Block Number: 24363355
    Block Hash: 0x315a0e2402b83bf4b0ceadeb86b788c43c6814dd1b4f281cd6c391196aa16be3
    Block Time: "Sun, 1 Feb 2026 20:54:58 +0000"

eth_getTransactionReceipt
eth_getTransactionReceipt
eth_chainId
eth_getTransactionCount
eth_call
eth_chainId
eth_getTransactionCount
eth_call
eth_chainId
eth_getTransactionCount
eth_feeHistory
eth_estimateGas
eth_sendRawTransaction

    Transaction: 0x15cfc91336eb2e4a91882291e9d4bb4a0e9a1e7236da522c098d05daa76eda8e
    Gas used: 26289

    Block Number: 24363356
    Block Hash: 0x84e6e6d90f54a15d682b84d1f36d5aad8244213f85f93589deb87aed1ea788ac
    Block Time: "Sun, 1 Feb 2026 20:54:58 +0000"

eth_getTransactionReceipt
eth_chainId
eth_getTransactionCount
eth_feeHistory
eth_estimateGas
eth_sendRawTransaction

    Transaction: 0x1c0d0bafc8b3308ab9800425a80c263b0091d1111185da61cd3ca8072c88915c
    Gas used: 31664

    Block Number: 24363357
    Block Hash: 0x4e38e25fb3caf99c0a715e260e7ba09a69183f5ac0e487c8e56d0485d7e12066
    Block Time: "Sun, 1 Feb 2026 20:54:58 +0000"

eth_getTransactionReceipt
eth_chainId
eth_getTransactionCount
eth_feeHistory
eth_estimateGas
eth_sendRawTransaction

    Transaction: 0x0ad23c352315d7fef76ec8dc1e87c0553b77cd1f3ca223a1d1ec2d7877d4ca19
    Gas used: 47818

    Block Number: 24363358
    Block Hash: 0x7978e5623d3a9acd3218e20641bb7eb3489af1515d5202501acc0561758aa55c
    Block Time: "Sun, 1 Feb 2026 20:54:59 +0000"

eth_getTransactionReceipt
eth_chainId
eth_getTransactionCount
eth_feeHistory
eth_estimateGas
eth_sendRawTransaction

    Transaction: 0x35ad04f2845c62566138ac79f79b5500979ae0d8229751a0b7f20f5e4f493e67
    Gas used: 47818

    Block Number: 24363359
    Block Hash: 0x4e6b1f8b92dbe126ab5c4cfa642e2620f38a4978dccaf0117d774970d37819b4
    Block Time: "Sun, 1 Feb 2026 20:54:59 +0000"

eth_getTransactionReceipt
eth_chainId
eth_getTransactionCount
eth_call
eth_chainId
eth_getTransactionCount
eth_call
eth_chainId
eth_getTransactionCount
eth_call
eth_blockNumber
eth_getLogs
eth_blockNumber
eth_getLogs
eth_blockNumber
eth_getLogs
eth_blockNumber
eth_blockNumber
eth_getLogs
eth_blockNumber
eth_getLogs
eth_blockNumber
eth_blockNumber
eth_getLogs
eth_blockNumber
eth_blockNumber
eth_getLogs
eth_blockNumber
eth_getLogs
eth_blockNumber
eth_blockNumber
eth_getLogs
eth_blockNumber
eth_blockNumber
eth_getLogs
eth_blockNumber
eth_blockNumber
eth_getLogs
eth_blockNumber
eth_getLogs
eth_blockNumber
eth_blockNumber
eth_getLogs
eth_blockNumber
eth_blockNumber
eth_getLogs
eth_blockNumber
eth_getLogs
eth_blockNumber
eth_blockNumber
eth_getLogs
eth_blockNumber
eth_blockNumber
eth_getLogs
eth_blockNumber
eth_getLogs
eth_blockNumber
eth_blockNumber
eth_getLogs
eth_blockNumber
eth_blockNumber
eth_getLogs
eth_blockNumber
eth_getLogs
eth_blockNumber
eth_blockNumber
eth_getLogs
eth_blockNumber
eth_blockNumber
eth_getLogs
eth_blockNumber
eth_getLogs
eth_blockNumber
eth_blockNumber
eth_getLogs
eth_blockNumber
eth_blockNumber
eth_getLogs
eth_blockNumber
eth_getLogs
eth_blockNumber
eth_blockNumber
eth_getLogs
eth_blockNumber
eth_blockNumber
eth_getLogs
eth_blockNumber
eth_getLogs
eth_blockNumber
eth_blockNumber
eth_getLogs
eth_blockNumber
eth_blockNumber
eth_getLogs
eth_blockNumber
eth_blockNumber
eth_getLogs
eth_blockNumber
eth_getLogs
eth_blockNumber
eth_blockNumber
eth_getLogs
eth_blockNumber
eth_blockNumber
eth_getLogs
eth_blockNumber
eth_getLogs
eth_blockNumber
eth_blockNumber
eth_getLogs
eth_blockNumber
eth_blockNumber
eth_getLogs
eth_blockNumber
eth_getLogs
eth_blockNumber
eth_blockNumber
eth_getLogs
eth_blockNumber
eth_blockNumber
eth_getLogs
eth_blockNumber
eth_getLogs
eth_blockNumber
eth_blockNumber
eth_getLogs
eth_blockNumber
eth_blockNumber
eth_getLogs
eth_blockNumber
eth_getLogs
eth_blockNumber
eth_blockNumber
eth_getLogs
eth_blockNumber
eth_blockNumber
eth_getLogs
eth_blockNumber
eth_getLogs
eth_blockNumber
eth_blockNumber
eth_getLogs
eth_blockNumber
eth_blockNumber
eth_getLogs
eth_blockNumber
eth_getLogs
eth_blockNumber
eth_blockNumber
eth_getLogs
eth_blockNumber
eth_blockNumber
eth_getLogs
eth_blockNumber
eth_blockNumber
eth_getLogs
eth_blockNumber
eth_getLogs
eth_blockNumber
eth_blockNumber
eth_getLogs
eth_blockNumber
eth_blockNumber
eth_getLogs
eth_blockNumber
eth_getLogs
eth_blockNumber
eth_blockNumber
eth_getLogs
eth_blockNumber
eth_blockNumber
eth_getLogs
eth_blockNumber
eth_getLogs
eth_blockNumber
eth_blockNumber
eth_getLogs
eth_blockNumber
eth_blockNumber
eth_getLogs
eth_blockNumber
eth_getLogs
eth_blockNumber
eth_blockNumber
eth_getLogs
eth_blockNumber
eth_blockNumber
eth_getLogs
eth_blockNumber
eth_getLogs
eth_blockNumber
eth_blockNumber
eth_getLogs
eth_blockNumber
eth_blockNumber
eth_getLogs
eth_blockNumber
eth_getLogs
eth_blockNumber
eth_blockNumber
eth_getLogs
eth_blockNumber
eth_blockNumber
eth_getLogs
eth_blockNumber
eth_getLogs
eth_blockNumber
eth_blockNumber
eth_getLogs
eth_blockNumber
eth_blockNumber
eth_getLogs
eth_blockNumber
eth_blockNumber
eth_getLogs
eth_blockNumber
eth_getLogs
eth_blockNumber
eth_blockNumber
eth_getLogs
eth_blockNumber
eth_blockNumber
eth_getLogs
eth_blockNumber
eth_getLogs
eth_blockNumber
eth_blockNumber
eth_getLogs
eth_blockNumber
eth_blockNumber
eth_getLogs
eth_blockNumber
eth_getLogs
eth_blockNumber
eth_blockNumber
eth_getLogs
eth_blockNumber
eth_blockNumber
eth_getLogs
eth_blockNumber
eth_getLogs
eth_blockNumber
eth_blockNumber
eth_getLogs
eth_blockNumber
eth_blockNumber
eth_getLogs
eth_blockNumber
eth_getLogs
eth_blockNumber
eth_blockNumber
eth_getLogs
eth_blockNumber
eth_blockNumber
eth_getLogs
eth_blockNumber
eth_getLogs
eth_blockNumber
eth_blockNumber
eth_getLogs
eth_blockNumber
eth_blockNumber
eth_getLogs
eth_blockNumber
eth_getLogs
eth_blockNumber
eth_blockNumber
eth_getLogs
eth_blockNumber
eth_blockNumber
eth_getLogs
eth_blockNumber
eth_blockNumber
eth_getLogs
eth_blockNumber
eth_getLogs
eth_blockNumber
eth_blockNumber
eth_getLogs
eth_blockNumber
eth_blockNumber
eth_getLogs
eth_blockNumber
eth_getLogs
eth_blockNumber
eth_blockNumber
eth_getLogs
eth_blockNumber
eth_blockNumber
eth_getLogs
eth_blockNumber
eth_getLogs
eth_blockNumber
eth_blockNumber
eth_getLogs
eth_blockNumber
eth_blockNumber
eth_getLogs
eth_blockNumber
eth_getLogs
eth_blockNumber
eth_blockNumber
eth_getLogs
eth_blockNumber
eth_blockNumber
eth_getLogs
eth_blockNumber
eth_getLogs
eth_blockNumber
eth_blockNumber
eth_getLogs
eth_blockNumber
eth_blockNumber
eth_getLogs
eth_blockNumber
eth_getLogs
eth_blockNumber
eth_blockNumber
eth_getLogs
eth_blockNumber
eth_blockNumber
eth_getLogs
eth_blockNumber
eth_blockNumber
eth_getLogs
eth_blockNumber
eth_getLogs
eth_blockNumber
eth_blockNumber
eth_getLogs
eth_blockNumber
eth_blockNumber
eth_getLogs
eth_blockNumber
eth_getLogs
eth_blockNumber
eth_blockNumber
eth_getLogs
eth_blockNumber
eth_blockNumber
eth_getLogs
eth_blockNumber
eth_getLogs
eth_blockNumber
eth_blockNumber
eth_getLogs
eth_blockNumber
eth_blockNumber
eth_getLogs
eth_blockNumber
eth_getLogs
eth_blockNumber
eth_blockNumber
eth_getLogs
eth_blockNumber
eth_blockNumber
eth_getLogs
eth_blockNumber
eth_getLogs
eth_blockNumber
eth_blockNumber
eth_getLogs
eth_blockNumber
eth_blockNumber
eth_getLogs
eth_blockNumber
eth_getLogs
eth_blockNumber
eth_blockNumber
eth_getLogs
eth_blockNumber
eth_blockNumber
eth_getLogs
eth_blockNumber
eth_getLogs
eth_blockNumber
eth_blockNumber
eth_getLogs
eth_blockNumber
eth_blockNumber
eth_getLogs
eth_blockNumber
eth_blockNumber
eth_getLogs
eth_blockNumber
eth_getLogs
eth_blockNumber
eth_blockNumber
eth_getLogs
eth_blockNumber
eth_blockNumber
eth_getLogs
eth_blockNumber
eth_getLogs
eth_blockNumber
eth_blockNumber
eth_getLogs
eth_blockNumber
eth_blockNumber
eth_getLogs
eth_blockNumber
eth_getLogs
eth_blockNumber
eth_blockNumber
eth_getLogs
eth_blockNumber
eth_blockNumber
eth_getLogs
eth_blockNumber
eth_getLogs
eth_blockNumber
eth_blockNumber
eth_getLogs
eth_blockNumber
eth_blockNumber
eth_getLogs
eth_blockNumber
eth_getLogs
eth_blockNumber
eth_blockNumber
eth_getLogs
eth_blockNumber
eth_blockNumber
eth_getLogs
eth_blockNumber
eth_getLogs
eth_blockNumber
eth_blockNumber
eth_getLogs
eth_blockNumber
eth_blockNumber
eth_getLogs
eth_blockNumber
eth_getLogs
eth_blockNumber
eth_blockNumber
eth_getLogs
eth_blockNumber
eth_blockNumber
eth_getLogs
eth_blockNumber
eth_blockNumber
eth_getLogs
eth_blockNumber
eth_getLogs
eth_blockNumber
eth_blockNumber
eth_getLogs
eth_blockNumber
eth_blockNumber
eth_getLogs
eth_blockNumber
eth_getLogs
eth_blockNumber
eth_blockNumber
eth_getLogs
eth_blockNumber
eth_blockNumber
eth_getLogs
eth_blockNumber
eth_getLogs
eth_blockNumber
eth_blockNumber
eth_getLogs
eth_blockNumber
eth_blockNumber
eth_getLogs
eth_blockNumber
eth_getLogs
eth_blockNumber
eth_blockNumber
eth_getLogs
eth_blockNumber
eth_blockNumber
eth_getLogs
eth_blockNumber
eth_getLogs
eth_blockNumber
eth_blockNumber
eth_getLogs
eth_blockNumber
eth_blockNumber
eth_getLogs
eth_blockNumber
eth_getLogs
eth_blockNumber
eth_blockNumber
eth_getLogs
eth_blockNumber
eth_blockNumber
eth_getLogs
eth_blockNumber
eth_getLogs
eth_blockNumber
eth_blockNumber
eth_getLogs
eth_blockNumber
eth_blockNumber
eth_getLogs
eth_blockNumber
eth_blockNumber
eth_getLogs
eth_blockNumber
eth_getLogs
eth_blockNumber
eth_blockNumber
eth_getLogs
eth_blockNumber
eth_blockNumber
eth_getLogs
eth_blockNumber
eth_getLogs
eth_blockNumber
eth_blockNumber
eth_getLogs
eth_blockNumber
eth_blockNumber
eth_getLogs
eth_blockNumber
eth_getLogs
eth_blockNumber
eth_blockNumber
eth_getLogs
eth_blockNumber
eth_blockNumber
eth_getLogs
eth_blockNumber
eth_getLogs
eth_chainId
eth_getTransactionCount
eth_call
eth_chainId
eth_getTransactionCount
eth_call
anvil_impersonateAccount
eth_chainId
eth_getTransactionCount
eth_feeHistory
eth_estimateGas
eth_sendTransaction
eth_getTransactionReceipt

    Transaction: 0xe049315a8ffe57e14425b63859e19493115f240e4e2010f911c2211400502aa9
    Gas used: 55582

    Block Number: 24363360
    Block Hash: 0x3e017490d693126fe199c15ae166c5cb1a1acb91b66a494c36375bda70e5a2a3
    Block Time: "Sun, 1 Feb 2026 21:01:33 +0000"

eth_getTransactionReceipt
eth_getTransactionReceipt
eth_chainId
eth_getTransactionCount
eth_feeHistory
eth_estimateGas
eth_sendTransaction
eth_getTransactionReceipt

    Transaction: 0xc916a76bb2158adcfa453a40364b7dfa3ea68d8a918b6d5d44edf655a083bf80
    Gas used: 160434

    Block Number: 24363361
    Block Hash: 0x56542e0a21e45b1de8a138f5fedc92be8ae71195b73efbb485f3a3ee16fdb87e
    Block Time: "Sun, 1 Feb 2026 21:01:33 +0000"

eth_getTransactionReceipt
eth_getTransactionReceipt
anvil_stopImpersonatingAccount
eth_chainId
eth_getTransactionCount
eth_call
evm_increaseTime
evm_mine

    Block Number: 24363362
    Block Hash: 0x5c1112e2636389730b11007f2254a372e81e8dd47373b39c6a82c1cf9cd20504
    Block Time: "Sun, 1 Feb 2026 23:01:33 +0000"

eth_chainId
eth_getTransactionCount
eth_feeHistory
eth_estimateGas
eth_blockNumber
eth_getLogs
eth_sendRawTransaction
eth_getTransactionReceipt

    Transaction: 0x9df70323aa03345c26e99a0ca7df57706bb5d6a90a3f182e991b8d266a3485ae
    Gas used: 326631

    Block Number: 24363363
    Block Hash: 0x67e0e5ebd80ff0e8f7a41bcb99485bb600b44d174f7673a3c56c7a124d8c52d8
    Block Time: "Sun, 1 Feb 2026 23:01:33 +0000"

eth_getTransactionReceipt
eth_getTransactionReceipt
eth_chainId
eth_getTransactionCount
eth_feeHistory
eth_estimateGas
eth_sendRawTransaction

    Transaction: 0x76903819eef3368e91e2a0bf55e71df0658f8a247232c32b87d0daf1d0b96e2a
    Gas used: 117675

    Block Number: 24363364
    Block Hash: 0xa3a18e726ad9306aeeeb4b8fbf36112e6c7276d46819a6c361eefa35f09a615e
    Block Time: "Sun, 1 Feb 2026 23:01:33 +0000"

eth_getTransactionReceipt
eth_chainId
eth_getTransactionCount
eth_call
eth_chainId
eth_getTransactionCount
eth_feeHistory
eth_estimateGas
eth_sendRawTransaction
eth_getTransactionReceipt

    Transaction: 0x260adab67858a16b1b41316899f6c8a0ff5f72ff8d9d70ca4b8ac856e0321301
    Gas used: 317809

    Block Number: 24363365
    Block Hash: 0x028d6394a0cfdcc9e86cc4f8a52f2fa39f2c6668d7e89e567e741abf009be30a
    Block Time: "Sun, 1 Feb 2026 23:01:33 +0000"

eth_getTransactionReceipt
eth_getTransactionReceipt
eth_chainId
eth_getTransactionCount
eth_call
eth_chainId
eth_getTransactionCount
eth_feeHistory
eth_estimateGas
eth_sendRawTransaction
eth_getTransactionReceipt

    Transaction: 0x739d7eb68b538ec777202680441c0159cae2c3d898eb8dc1c101d6e8b1381e62
    Gas used: 166604

    Block Number: 24363366
    Block Hash: 0x861eccb02597c20a11fff89239fe56b38dd815be3841c8a66086f8e1085a6e3e
    Block Time: "Sun, 1 Feb 2026 23:01:33 +0000"

eth_getTransactionReceipt
eth_getTransactionReceipt
eth_chainId
eth_getTransactionCount
eth_feeHistory
eth_estimateGas
eth_sendRawTransaction
eth_getTransactionReceipt

    Transaction: 0xed3a568a2abb3b62c7ee87f23c3973030e62c54931dd22b6d78ff2e1eff2f501
    Gas used: 204625

    Block Number: 24363367
    Block Hash: 0x5d8bd6e3ea6f2e53dffa5399ae845c18c5fd17da472e34400944e6217182ce2b
    Block Time: "Sun, 1 Feb 2026 23:01:33 +0000"

eth_getTransactionReceipt
eth_getTransactionReceipt
eth_chainId
eth_getTransactionCount
eth_call
eth_chainId
eth_getTransactionCount
eth_call
eth_chainId
eth_getTransactionCount
eth_feeHistory
eth_estimateGas
eth_sendRawTransaction

    Transaction: 0x86c192fa3096e6a69de47b05cb497624b36871ca102526299be0926dc3a4637f
    Gas used: 26289

    Block Number: 24363368
    Block Hash: 0x96a5869146efa27014457b9e5c8b0cc402b733243f40a13f347650c915285092
    Block Time: "Sun, 1 Feb 2026 23:01:34 +0000"

eth_getTransactionReceipt
eth_chainId
eth_getTransactionCount
eth_feeHistory
eth_estimateGas
eth_sendRawTransaction

    Transaction: 0x04e58181c4eb47395cb06958db957f90c71cce997b2e8a53477a41970daa9e9a
    Gas used: 31664

    Block Number: 24363369
    Block Hash: 0xcdec7a8f5e1acf25ac7cb86c60c032dbc8bf0e1c6754a366691227eecd0f594e
    Block Time: "Sun, 1 Feb 2026 23:01:34 +0000"

eth_getTransactionReceipt
eth_chainId
eth_getTransactionCount
eth_feeHistory
eth_estimateGas
eth_sendRawTransaction

    Transaction: 0x4636313d39b614cc70acdf0483482e767bb1fba4d1edbe0fbc2afae92977feb8
    Gas used: 27918

    Block Number: 24363370
    Block Hash: 0xb19ce53f64ee7f4a2c01dd3c4c32e8e790c65ec564ae834fd85aa31cabc5ced4
    Block Time: "Sun, 1 Feb 2026 23:01:34 +0000"

eth_getTransactionReceipt
eth_chainId
eth_getTransactionCount
eth_feeHistory
eth_estimateGas
eth_sendRawTransaction
eth_getTransactionReceipt

    Transaction: 0x53522ce4f33814fc86a3552da377f310339887ab5ca21cb3419354304904e619
    Gas used: 27918

    Block Number: 24363371
    Block Hash: 0x3733d52a4c787b7225456775535663644b932eab0ff41c3cb2f1401368eb3275
    Block Time: "Sun, 1 Feb 2026 23:01:34 +0000"

eth_getTransactionCount
eth_blockNumber
eth_getLogs
eth_blockNumber
eth_getLogs
eth_blockNumber
eth_getLogs
eth_blockNumber
eth_getLogs
eth_blockNumber
eth_blockNumber
eth_getLogs
eth_blockNumber
eth_blockNumber
eth_getLogs
eth_blockNumber
eth_getLogs
eth_blockNumber
eth_blockNumber
eth_getLogs
eth_blockNumber
eth_blockNumber
eth_getLogs
eth_blockNumber
eth_getLogs
eth_blockNumber
eth_getCode
eth_getBlockByNumber
eth_chainId
eth_gasPrice
eth_getBlockByNumber
eth_chainId
eth_gasPrice
eth_getAccountInfo
eth_getTransactionCount
eth_getBalance
eth_getAccountInfo
eth_getAccountInfo
eth_getAccountInfo
eth_getAccountInfo
eth_getAccountInfo
eth_getStorageAt
eth_getAccountInfo
eth_getAccountInfo
eth_getStorageAt
eth_getStorageAt
eth_getStorageAt
eth_getStorageAt
eth_getStorageAt
eth_getStorageAt
eth_getStorageAt
eth_chainId
eth_chainId
eth_blockNumber
eth_getLogs
eth_blockNumber
eth_blockNumber
eth_getLogs
eth_blockNumber
eth_blockNumber
eth_getLogs
eth_blockNumber
eth_getLogs
eth_blockNumber
eth_blockNumber
eth_getLogs
eth_blockNumber
eth_blockNumber
eth_getLogs
eth_blockNumber
eth_getLogs
eth_blockNumber
eth_blockNumber
eth_getLogs
eth_getTransactionCount
eth_getCode
eth_chainId
eth_getBlockByNumber
eth_gasPrice
eth_getBlockByNumber
eth_gasPrice
eth_chainId
eth_chainId
eth_chainId
eth_blockNumber
eth_blockNumber
eth_getLogs
eth_blockNumber
eth_getLogs
eth_blockNumber
eth_blockNumber
eth_getLogs
eth_blockNumber
eth_blockNumber
eth_getLogs
eth_blockNumber
eth_getLogs
eth_blockNumber
eth_blockNumber
eth_getLogs
eth_blockNumber
eth_blockNumber
eth_getLogs
eth_blockNumber
eth_getLogs
eth_blockNumber
eth_blockNumber
eth_getLogs
eth_blockNumber
eth_blockNumber
eth_getLogs
eth_blockNumber
eth_getLogs
eth_blockNumber
eth_blockNumber
eth_getLogs
eth_blockNumber
eth_blockNumber
eth_getLogs
eth_blockNumber
eth_blockNumber
eth_getLogs
eth_blockNumber
eth_getLogs
eth_blockNumber
eth_blockNumber
eth_getLogs
eth_blockNumber
eth_blockNumber
eth_getLogs
eth_blockNumber
eth_getLogs
eth_blockNumber
eth_blockNumber
eth_getLogs
eth_blockNumber
eth_blockNumber
eth_getLogs
eth_blockNumber
eth_getLogs
eth_getTransactionCount
eth_blockNumber
eth_blockNumber
eth_getLogs
eth_getCode
eth_gasPrice
eth_chainId
eth_getBlockByNumber
eth_gasPrice
eth_getBlockByNumber
eth_chainId
eth_getStorageAt
eth_getStorageAt
eth_getStorageAt
eth_getStorageAt
eth_getTransactionCount
eth_getBalance
eth_getCode
eth_getAccountInfo
eth_getStorageAt
eth_getStorageAt
eth_getStorageAt
eth_getStorageAt
eth_getStorageAt
eth_getStorageAt
eth_getStorageAt
eth_getStorageAt
eth_getStorageAt
eth_getStorageAt
eth_getStorageAt
eth_getStorageAt
eth_getStorageAt
eth_getStorageAt
eth_getStorageAt
eth_getStorageAt
eth_getStorageAt
eth_getStorageAt
eth_getStorageAt
eth_getTransactionCount
eth_getBalance
eth_getCode
eth_getStorageAt
eth_getBalance
eth_getTransactionCount
eth_getCode
eth_getStorageAt
eth_getTransactionCount
eth_getCode
eth_getBalance
eth_getStorageAt
eth_getCode
eth_getBalance
eth_getTransactionCount
eth_getStorageAt
eth_getStorageAt
eth_getStorageAt
eth_getBalance
eth_getCode
eth_getTransactionCount
eth_getStorageAt
eth_getStorageAt
eth_getStorageAt
eth_getStorageAt
eth_getBalance
eth_getCode
eth_getTransactionCount
eth_getStorageAt
eth_getTransactionCount
eth_getBalance
eth_getCode
eth_getStorageAt
eth_getStorageAt
eth_getCode
eth_getBalance
eth_getTransactionCount
eth_getStorageAt
eth_getStorageAt
eth_getBalance
eth_getCode
eth_getTransactionCount
eth_getStorageAt
eth_getStorageAt
eth_chainId
eth_blockNumber
eth_chainId
eth_blockNumber
eth_getLogs
eth_blockNumber
eth_getLogs
eth_blockNumber
eth_blockNumber
eth_getLogs
eth_blockNumber
eth_blockNumber
eth_getLogs
eth_blockNumber
eth_getLogs
eth_blockNumber
eth_blockNumber
eth_getLogs
eth_blockNumber
eth_blockNumber
eth_getLogs
eth_blockNumber
eth_getLogs
eth_blockNumber
eth_blockNumber
eth_getLogs
eth_blockNumber
eth_blockNumber
eth_getLogs
eth_blockNumber
eth_blockNumber
eth_getLogs
eth_blockNumber
eth_getLogs
eth_blockNumber
eth_blockNumber
eth_getLogs
eth_blockNumber
eth_blockNumber
eth_getLogs
eth_blockNumber
eth_getLogs
eth_blockNumber
eth_blockNumber
eth_getLogs
eth_blockNumber
eth_blockNumber
eth_getLogs
eth_blockNumber
eth_getLogs
eth_blockNumber
eth_blockNumber
eth_getLogs
eth_blockNumber
eth_blockNumber
eth_getLogs
eth_blockNumber
eth_getLogs
eth_blockNumber
eth_blockNumber
eth_getLogs
eth_blockNumber
eth_blockNumber
eth_getLogs
eth_blockNumber
eth_getLogs
eth_blockNumber
eth_blockNumber
eth_getLogs
eth_blockNumber
eth_blockNumber
eth_getLogs
eth_blockNumber
eth_getLogs
eth_blockNumber
eth_blockNumber
eth_getLogs
eth_blockNumber
eth_blockNumber
eth_getLogs
eth_getTransactionCount
eth_blockNumber
eth_getLogs
eth_blockNumber
eth_getCode
eth_chainId
eth_getBlockByNumber
eth_gasPrice
eth_getBlockByNumber
eth_chainId
eth_gasPrice
eth_getStorageAt
eth_getStorageAt
eth_getStorageAt
eth_getStorageAt
eth_getStorageAt
eth_getStorageAt
eth_getStorageAt
eth_getStorageAt
eth_getStorageAt
eth_getStorageAt
eth_getStorageAt
eth_getStorageAt
eth_getStorageAt
eth_getBalance
eth_getCode
eth_getAccountInfo
eth_getTransactionCount
eth_getStorageAt
eth_getStorageAt
eth_getStorageAt
eth_getStorageAt
eth_chainId
eth_chainId
eth_blockNumber
eth_getLogs
eth_blockNumber
eth_blockNumber
eth_getLogs
eth_blockNumber
eth_getLogs
eth_blockNumber
eth_blockNumber
eth_getLogs
eth_blockNumber
eth_blockNumber
eth_getLogs
eth_blockNumber
eth_blockNumber
eth_getLogs
eth_blockNumber
eth_getLogs
eth_blockNumber
eth_blockNumber
eth_getLogs
eth_blockNumber
eth_blockNumber
eth_getLogs
eth_blockNumber
eth_getLogs
eth_blockNumber
eth_blockNumber
eth_getLogs
eth_blockNumber
eth_blockNumber
eth_getLogs
eth_blockNumber
eth_getLogs
eth_blockNumber
eth_blockNumber
eth_getLogs
eth_blockNumber
eth_blockNumber
eth_getLogs
eth_blockNumber
eth_getLogs
eth_blockNumber
eth_blockNumber
eth_getLogs
eth_blockNumber
eth_blockNumber
eth_getLogs
eth_blockNumber
eth_getLogs
eth_blockNumber
eth_blockNumber
eth_getLogs
eth_blockNumber
eth_blockNumber
eth_getLogs
eth_blockNumber
eth_getLogs
eth_blockNumber
eth_blockNumber
eth_getLogs
eth_blockNumber
eth_blockNumber
eth_getLogs
eth_blockNumber
eth_blockNumber
eth_getLogs
eth_blockNumber
eth_getLogs
eth_blockNumber
eth_blockNumber
eth_getLogs
eth_blockNumber
eth_blockNumber
eth_getLogs
eth_blockNumber
eth_getLogs
eth_blockNumber
eth_blockNumber
eth_getLogs
eth_blockNumber
eth_blockNumber
eth_getLogs
eth_blockNumber
eth_getLogs
eth_blockNumber
eth_blockNumber
eth_getLogs
eth_blockNumber
eth_blockNumber
eth_getLogs
eth_blockNumber
eth_getLogs
eth_blockNumber
eth_blockNumber
eth_getLogs
eth_blockNumber
eth_blockNumber
eth_getLogs
eth_blockNumber
eth_getLogs
eth_blockNumber
eth_blockNumber
eth_getLogs
eth_blockNumber
eth_blockNumber
eth_getLogs
eth_blockNumber
eth_getLogs
eth_blockNumber
eth_blockNumber
eth_getLogs
eth_blockNumber
eth_blockNumber
eth_getLogs
eth_blockNumber
eth_blockNumber
eth_getLogs
eth_blockNumber
eth_getLogs
eth_blockNumber
eth_blockNumber
eth_getLogs
eth_blockNumber
eth_blockNumber
eth_getLogs
eth_blockNumber
eth_getLogs
eth_blockNumber
eth_blockNumber
eth_getLogs
eth_blockNumber
eth_blockNumber
eth_getLogs
eth_blockNumber
eth_getLogs
eth_blockNumber
eth_blockNumber
eth_getLogs
eth_blockNumber
eth_blockNumber
eth_getLogs
eth_blockNumber
eth_getLogs
eth_blockNumber
eth_blockNumber
eth_getLogs
eth_blockNumber
eth_blockNumber
eth_getLogs
eth_blockNumber
eth_getLogs
eth_blockNumber
eth_blockNumber
eth_getLogs
eth_blockNumber
eth_blockNumber
eth_getLogs
eth_blockNumber
eth_getLogs
eth_blockNumber
eth_blockNumber
eth_getLogs
eth_blockNumber
eth_blockNumber
eth_getLogs
eth_blockNumber
eth_getLogs
eth_blockNumber
eth_blockNumber
eth_getLogs
eth_blockNumber
eth_blockNumber
eth_getLogs
eth_blockNumber
eth_blockNumber
eth_getLogs
eth_blockNumber
eth_getLogs
eth_blockNumber
eth_blockNumber
eth_getLogs
eth_blockNumber
eth_blockNumber
eth_getLogs
eth_blockNumber
eth_getLogs
eth_blockNumber
eth_blockNumber
eth_getLogs
eth_blockNumber
eth_blockNumber
eth_getLogs
eth_blockNumber
eth_getLogs
eth_blockNumber
eth_blockNumber
eth_getLogs
eth_blockNumber
eth_blockNumber
eth_getLogs
eth_blockNumber
eth_getLogs
eth_blockNumber
eth_blockNumber
eth_getLogs
eth_blockNumber
eth_blockNumber
eth_getLogs
eth_blockNumber
eth_getLogs
eth_blockNumber
eth_blockNumber
eth_getLogs
eth_blockNumber
eth_blockNumber
eth_getLogs
eth_blockNumber
eth_getLogs
eth_blockNumber
eth_blockNumber
eth_getLogs
eth_blockNumber
eth_blockNumber
eth_getLogs
eth_blockNumber
eth_getLogs
eth_blockNumber
eth_blockNumber
eth_getLogs
eth_blockNumber
eth_blockNumber
eth_getLogs
eth_blockNumber
eth_blockNumber
eth_getLogs
eth_blockNumber
eth_getLogs
eth_blockNumber
eth_blockNumber
eth_getLogs
eth_blockNumber
eth_blockNumber
eth_getLogs
eth_blockNumber
eth_getLogs
eth_blockNumber
eth_blockNumber
eth_getLogs
eth_blockNumber
eth_blockNumber
eth_getLogs
eth_blockNumber
eth_getLogs
eth_blockNumber
eth_blockNumber
eth_getLogs
eth_blockNumber
eth_blockNumber
eth_getLogs
eth_blockNumber
eth_getLogs
eth_blockNumber
eth_blockNumber
eth_getLogs
eth_blockNumber
eth_blockNumber
eth_getLogs
eth_blockNumber
eth_getLogs
eth_blockNumber
eth_blockNumber
eth_getLogs
eth_blockNumber
eth_blockNumber
eth_getLogs
eth_blockNumber
eth_getLogs
eth_blockNumber
eth_blockNumber
eth_getLogs
eth_blockNumber
eth_blockNumber
eth_getLogs
eth_blockNumber
eth_getLogs
eth_blockNumber
eth_blockNumber
eth_getLogs
eth_blockNumber
eth_blockNumber
eth_getLogs
eth_blockNumber
eth_blockNumber
eth_getLogs
eth_blockNumber
eth_getLogs
eth_blockNumber
eth_blockNumber
eth_getLogs
eth_blockNumber
eth_blockNumber
eth_getLogs
eth_blockNumber
eth_getLogs
eth_blockNumber
eth_blockNumber
eth_getLogs
eth_blockNumber
eth_blockNumber
eth_getLogs
eth_blockNumber
eth_getLogs
eth_blockNumber
eth_blockNumber
eth_getLogs
eth_blockNumber
eth_blockNumber
eth_getLogs
eth_blockNumber
eth_getLogs
eth_blockNumber
eth_blockNumber
eth_getLogs
eth_blockNumber
eth_blockNumber
eth_getLogs
eth_blockNumber
eth_getLogs
eth_blockNumber
eth_blockNumber
eth_getLogs
eth_blockNumber
eth_blockNumber
eth_getLogs
eth_blockNumber
eth_blockNumber
eth_getLogs
eth_blockNumber
eth_getLogs
eth_blockNumber
eth_blockNumber
eth_getLogs
eth_blockNumber
eth_blockNumber
eth_getLogs
eth_blockNumber
eth_getLogs
eth_blockNumber
eth_blockNumber
eth_getLogs
eth_blockNumber
eth_blockNumber
eth_getLogs
eth_blockNumber
eth_getLogs
eth_blockNumber
eth_blockNumber
eth_getLogs
eth_blockNumber
eth_blockNumber
eth_getLogs
eth_blockNumber
eth_getLogs
eth_blockNumber
eth_blockNumber
eth_getLogs
eth_blockNumber
eth_blockNumber
eth_getLogs
eth_blockNumber
eth_getLogs
eth_blockNumber
eth_blockNumber
eth_getLogs
eth_blockNumber
eth_blockNumber
eth_getLogs
eth_blockNumber
eth_getLogs
eth_blockNumber
eth_blockNumber
eth_getLogs
eth_blockNumber
eth_blockNumber
eth_getLogs
eth_getTransactionCount
eth_blockNumber
eth_getLogs
eth_blockNumber
eth_getCode
eth_gasPrice
eth_getBlockByNumber
eth_chainId
eth_getBlockByNumber
eth_chainId
eth_gasPrice
eth_getStorageAt
eth_getStorageAt
eth_getStorageAt
eth_getStorageAt
eth_getStorageAt
eth_getStorageAt
eth_getStorageAt
eth_getStorageAt
eth_getStorageAt
eth_getStorageAt
eth_getStorageAt
eth_chainId
eth_blockNumber
eth_getLogs
eth_chainId
eth_blockNumber
eth_blockNumber
eth_getLogs
eth_blockNumber
eth_blockNumber
eth_getLogs
eth_blockNumber
eth_getLogs
eth_blockNumber
eth_blockNumber
eth_getLogs
eth_blockNumber
eth_blockNumber
eth_getLogs
eth_blockNumber
eth_getLogs
eth_blockNumber
eth_blockNumber
eth_getLogs
eth_blockNumber
eth_blockNumber
eth_getLogs
eth_blockNumber
eth_getLogs
eth_blockNumber
eth_blockNumber
eth_getLogs
eth_blockNumber
eth_blockNumber
eth_getLogs
eth_blockNumber
eth_getLogs
eth_blockNumber
eth_blockNumber
eth_getLogs
eth_blockNumber
eth_blockNumber
eth_getLogs
eth_blockNumber
eth_getLogs
eth_blockNumber
eth_blockNumber
eth_getLogs
eth_blockNumber
eth_blockNumber
eth_getLogs
eth_blockNumber
eth_getLogs
eth_blockNumber
eth_blockNumber
eth_getLogs
eth_blockNumber
eth_blockNumber
eth_getLogs
eth_blockNumber
eth_getLogs
eth_blockNumber
eth_blockNumber
eth_getLogs
eth_blockNumber
eth_blockNumber
eth_getLogs
eth_blockNumber
eth_blockNumber
eth_getLogs
eth_blockNumber
eth_getLogs
eth_blockNumber
eth_blockNumber
eth_getLogs
eth_blockNumber
eth_blockNumber
eth_getLogs
eth_blockNumber
eth_getLogs
eth_blockNumber
eth_blockNumber
eth_getLogs
eth_blockNumber
eth_blockNumber
eth_getLogs
eth_blockNumber
eth_getLogs
eth_blockNumber
eth_getTransactionCount
eth_blockNumber
eth_getLogs
eth_getCode
eth_chainId
eth_getBlockByNumber
eth_gasPrice
eth_gasPrice
eth_getBlockByNumber
eth_chainId
eth_chainId
eth_chainId
eth_blockNumber
eth_blockNumber
eth_getLogs
eth_blockNumber
eth_getLogs
eth_blockNumber
eth_blockNumber
eth_getLogs
eth_blockNumber
eth_blockNumber
eth_getLogs
eth_blockNumber
eth_getLogs
eth_blockNumber
eth_blockNumber
eth_getLogs
eth_blockNumber
eth_blockNumber
eth_getLogs
eth_blockNumber
eth_getLogs
eth_blockNumber
eth_blockNumber
eth_getLogs
eth_blockNumber
eth_blockNumber
eth_getLogs
eth_blockNumber
eth_getLogs
eth_blockNumber
eth_blockNumber
eth_getLogs
eth_blockNumber
eth_blockNumber
eth_getLogs
eth_blockNumber
eth_blockNumber
eth_getLogs
eth_blockNumber
eth_getLogs
eth_blockNumber
eth_blockNumber
eth_getLogs
eth_blockNumber
eth_blockNumber
eth_getLogs
eth_blockNumber
eth_getLogs
eth_blockNumber
eth_blockNumber
eth_getLogs
eth_blockNumber
eth_blockNumber
eth_getLogs
eth_blockNumber
eth_getLogs
eth_blockNumber
eth_blockNumber
eth_getLogs
eth_blockNumber
eth_blockNumber
eth_getLogs
eth_blockNumber
eth_getLogs
eth_blockNumber
eth_blockNumber
eth_getLogs
eth_blockNumber
eth_blockNumber
eth_getLogs
eth_getTransactionCount
eth_blockNumber
eth_getLogs
eth_blockNumber
eth_getCode
eth_chainId
eth_gasPrice
eth_getBlockByNumber
eth_getBlockByNumber
eth_gasPrice
eth_chainId
eth_chainId
eth_chainId
eth_blockNumber
eth_getLogs
eth_blockNumber
eth_blockNumber
eth_getLogs
eth_blockNumber
eth_getLogs
eth_blockNumber
eth_blockNumber
eth_getLogs
eth_blockNumber
eth_blockNumber
eth_getLogs
eth_blockNumber
eth_blockNumber
eth_getLogs
eth_blockNumber
eth_getLogs
eth_blockNumber
eth_blockNumber
eth_getLogs
eth_blockNumber
eth_blockNumber
eth_getLogs
eth_blockNumber
eth_getLogs
eth_blockNumber
eth_blockNumber
eth_getLogs
eth_blockNumber
eth_blockNumber
eth_getLogs
eth_blockNumber
eth_getLogs
eth_blockNumber
eth_blockNumber
eth_getLogs
eth_blockNumber
eth_blockNumber
eth_getLogs
eth_blockNumber
eth_getLogs
eth_blockNumber
eth_blockNumber
eth_getLogs
eth_blockNumber
eth_blockNumber
eth_getLogs
eth_blockNumber
eth_getLogs
eth_blockNumber
eth_blockNumber
eth_getLogs
eth_blockNumber
eth_blockNumber
eth_getLogs
eth_blockNumber
eth_getLogs
eth_blockNumber
eth_blockNumber
eth_getLogs
eth_blockNumber
eth_blockNumber
eth_getLogs
eth_blockNumber
eth_blockNumber
eth_getLogs
eth_blockNumber
eth_getLogs
eth_blockNumber
eth_blockNumber
eth_getLogs
eth_blockNumber
eth_blockNumber
eth_getLogs
eth_blockNumber
eth_getLogs
eth_blockNumber
eth_blockNumber
eth_getLogs
eth_blockNumber
eth_blockNumber
eth_getLogs
eth_blockNumber
eth_getLogs
eth_blockNumber
eth_blockNumber
eth_getLogs
eth_blockNumber
eth_blockNumber
eth_getLogs
eth_blockNumber
eth_getLogs
eth_blockNumber
eth_blockNumber
eth_getLogs
eth_blockNumber
eth_blockNumber
eth_getLogs
eth_blockNumber
eth_getLogs
eth_blockNumber
eth_blockNumber
eth_getLogs
eth_blockNumber
eth_blockNumber
eth_getLogs
eth_blockNumber
eth_getLogs
eth_blockNumber
eth_blockNumber
eth_getLogs
eth_blockNumber
eth_blockNumber
eth_getLogs
eth_blockNumber
eth_getLogs
eth_blockNumber
eth_blockNumber
eth_getLogs
eth_blockNumber
eth_blockNumber
eth_getLogs
eth_blockNumber
eth_blockNumber
eth_getLogs
eth_blockNumber
eth_getLogs
eth_blockNumber
eth_blockNumber
eth_getLogs
eth_blockNumber
eth_blockNumber
eth_getLogs
eth_blockNumber
eth_getLogs
eth_blockNumber
eth_blockNumber
eth_getLogs
eth_blockNumber
eth_blockNumber
eth_getLogs
eth_blockNumber
eth_getLogs
eth_blockNumber
eth_blockNumber
eth_getLogs
eth_blockNumber
eth_blockNumber
eth_getLogs
eth_blockNumber
eth_getLogs
eth_blockNumber
eth_blockNumber
eth_getLogs
eth_blockNumber
eth_blockNumber
eth_getLogs
eth_blockNumber
eth_getLogs
eth_blockNumber
eth_blockNumber
eth_getLogs
eth_blockNumber
eth_blockNumber
eth_getLogs
eth_blockNumber
eth_getLogs
eth_blockNumber
eth_blockNumber
eth_getLogs
eth_blockNumber
eth_blockNumber
eth_getLogs
eth_blockNumber
eth_blockNumber
eth_getLogs
eth_blockNumber
eth_getLogs
eth_blockNumber
eth_blockNumber
eth_getLogs
eth_blockNumber
eth_blockNumber
eth_getLogs
eth_blockNumber
eth_getLogs
eth_blockNumber
eth_blockNumber
eth_getLogs
eth_blockNumber
eth_blockNumber
eth_getLogs
eth_blockNumber
eth_getLogs
eth_blockNumber
eth_blockNumber
eth_getLogs
eth_blockNumber
eth_blockNumber
eth_getLogs
eth_blockNumber
eth_getLogs
eth_blockNumber
eth_blockNumber
eth_getLogs
eth_blockNumber
eth_blockNumber
eth_getLogs
eth_blockNumber
eth_getLogs
eth_blockNumber
eth_blockNumber
eth_getLogs
eth_blockNumber
eth_blockNumber
eth_getLogs
eth_blockNumber
eth_getLogs
eth_blockNumber
eth_blockNumber
eth_getLogs
eth_blockNumber
eth_blockNumber
eth_getLogs
eth_blockNumber
eth_getLogs
eth_blockNumber
eth_blockNumber
eth_getLogs
eth_blockNumber
eth_blockNumber
eth_getLogs
eth_blockNumber
eth_blockNumber
eth_getLogs
eth_blockNumber
eth_getLogs
eth_blockNumber
eth_blockNumber
eth_getLogs
eth_blockNumber
eth_blockNumber
eth_getLogs
eth_blockNumber
eth_getLogs
eth_blockNumber
eth_blockNumber
eth_getLogs
eth_blockNumber
eth_blockNumber
eth_getLogs
eth_blockNumber
eth_getLogs
eth_blockNumber
eth_blockNumber
eth_getLogs
eth_blockNumber
eth_blockNumber
eth_getLogs
eth_blockNumber
eth_getLogs
eth_blockNumber
eth_blockNumber
eth_getLogs
eth_blockNumber
eth_blockNumber
eth_getLogs
eth_blockNumber
eth_getLogs
eth_blockNumber
eth_blockNumber
eth_getLogs
eth_blockNumber
eth_blockNumber
eth_getLogs
eth_blockNumber
eth_getLogs
eth_blockNumber
eth_blockNumber
eth_getLogs
eth_blockNumber
eth_blockNumber
eth_getLogs
eth_blockNumber
eth_getLogs
eth_blockNumber
eth_blockNumber
eth_getLogs
eth_blockNumber
eth_blockNumber
eth_getLogs
eth_blockNumber
eth_blockNumber
eth_getLogs
eth_blockNumber
eth_getLogs
eth_blockNumber
eth_blockNumber
eth_getLogs
eth_blockNumber
eth_blockNumber
eth_getLogs
eth_blockNumber
eth_getLogs
eth_blockNumber
eth_blockNumber
eth_getLogs
eth_blockNumber
eth_blockNumber
eth_getLogs
eth_blockNumber
eth_getLogs
eth_blockNumber
eth_blockNumber
eth_getLogs
eth_blockNumber
eth_blockNumber
eth_getLogs
eth_blockNumber
eth_getLogs
eth_blockNumber
eth_blockNumber
eth_getLogs
eth_blockNumber
eth_blockNumber
eth_getLogs
eth_blockNumber
eth_getLogs
eth_blockNumber
eth_blockNumber
eth_getLogs
eth_blockNumber
eth_blockNumber
eth_getLogs
eth_blockNumber
eth_getLogs
eth_blockNumber
eth_blockNumber
eth_getLogs
eth_blockNumber
eth_blockNumber
eth_getLogs
eth_blockNumber
eth_getLogs
eth_blockNumber
eth_blockNumber
eth_getLogs
eth_blockNumber
eth_blockNumber
eth_getLogs
eth_blockNumber
eth_blockNumber
eth_getLogs
eth_blockNumber
eth_getLogs
eth_blockNumber
eth_blockNumber
eth_getLogs
eth_blockNumber
eth_blockNumber
eth_getLogs
eth_blockNumber
eth_getLogs
eth_blockNumber
eth_blockNumber
eth_getLogs
eth_blockNumber
eth_blockNumber
eth_getLogs
eth_blockNumber
eth_getLogs
eth_blockNumber
eth_blockNumber
eth_getLogs
eth_blockNumber
eth_blockNumber
eth_getLogs
eth_blockNumber
eth_getLogs
eth_blockNumber
eth_blockNumber
eth_getLogs
eth_blockNumber
eth_blockNumber
eth_getLogs
eth_blockNumber
eth_getLogs
eth_blockNumber
eth_blockNumber
eth_getLogs
eth_blockNumber
eth_blockNumber
eth_getLogs
eth_blockNumber
eth_getLogs
eth_blockNumber
eth_blockNumber
eth_getLogs
eth_blockNumber
eth_blockNumber
eth_getLogs
eth_blockNumber
eth_getLogs
eth_blockNumber
eth_blockNumber
eth_getLogs
eth_blockNumber
eth_blockNumber
eth_getLogs
eth_blockNumber
eth_blockNumber
eth_getLogs
eth_blockNumber
eth_getLogs
eth_blockNumber
eth_blockNumber
eth_getLogs
eth_blockNumber
eth_blockNumber
eth_getLogs
eth_blockNumber
eth_getLogs
eth_blockNumber
eth_blockNumber
eth_getLogs
eth_blockNumber
eth_blockNumber
eth_getLogs
eth_blockNumber
eth_getLogs
eth_blockNumber
eth_blockNumber
eth_getLogs
eth_blockNumber
eth_blockNumber
eth_getLogs
eth_blockNumber
eth_getLogs
eth_blockNumber
eth_blockNumber
eth_getLogs
eth_blockNumber
eth_blockNumber
eth_getLogs
eth_blockNumber
eth_getLogs
eth_blockNumber
eth_blockNumber
eth_getLogs
eth_blockNumber
eth_blockNumber
eth_getLogs
eth_blockNumber
eth_getLogs
eth_blockNumber
eth_blockNumber
eth_getLogs
eth_blockNumber
eth_blockNumber
eth_getLogs
eth_blockNumber
eth_getLogs
eth_blockNumber
eth_blockNumber
eth_getLogs
eth_blockNumber
eth_blockNumber
eth_getLogs
eth_blockNumber
eth_blockNumber
eth_getLogs
eth_blockNumber
eth_getLogs
eth_blockNumber
eth_blockNumber
eth_getLogs
eth_blockNumber
eth_blockNumber
eth_getLogs
eth_blockNumber
eth_getLogs
eth_blockNumber
eth_blockNumber
eth_getLogs
eth_blockNumber
eth_blockNumber
eth_getLogs
eth_blockNumber
eth_getLogs
eth_blockNumber
eth_blockNumber
eth_getLogs
eth_blockNumber
eth_blockNumber
eth_getLogs
eth_blockNumber
eth_getLogs
eth_blockNumber
eth_blockNumber
eth_getLogs
eth_blockNumber
eth_blockNumber
eth_getLogs
eth_blockNumber
eth_getLogs
eth_blockNumber
eth_blockNumber
eth_getLogs
eth_blockNumber
eth_blockNumber
eth_getLogs
eth_blockNumber
eth_getLogs
eth_blockNumber
eth_blockNumber
eth_getLogs
eth_blockNumber
eth_blockNumber
eth_getLogs
eth_blockNumber
eth_getLogs
eth_blockNumber
eth_blockNumber
eth_getLogs
eth_blockNumber
eth_blockNumber
eth_getLogs
eth_blockNumber
eth_blockNumber
eth_getLogs
eth_blockNumber
eth_getLogs
eth_blockNumber
eth_blockNumber
eth_getLogs
eth_blockNumber
eth_blockNumber
eth_getLogs
eth_blockNumber
eth_getLogs
eth_blockNumber
eth_blockNumber
eth_getLogs
eth_blockNumber
eth_blockNumber
eth_getLogs
eth_blockNumber
eth_getLogs
eth_blockNumber
eth_blockNumber
eth_getLogs
eth_blockNumber
eth_blockNumber
eth_getLogs
eth_blockNumber
eth_getLogs
eth_blockNumber
eth_blockNumber
eth_getLogs
eth_blockNumber
eth_blockNumber
eth_getLogs
eth_blockNumber
eth_getLogs
eth_blockNumber
eth_blockNumber
eth_getLogs
eth_blockNumber
eth_blockNumber
eth_getLogs
eth_blockNumber
eth_getLogs
eth_blockNumber
eth_blockNumber
eth_getLogs
eth_blockNumber
eth_blockNumber
eth_getLogs
eth_blockNumber
eth_getLogs
eth_blockNumber
eth_blockNumber
eth_getLogs
eth_blockNumber
eth_blockNumber
eth_getLogs
eth_blockNumber
eth_blockNumber
eth_getLogs
eth_blockNumber
eth_getLogs
eth_blockNumber
eth_blockNumber
eth_getLogs
eth_blockNumber
eth_blockNumber
eth_getLogs
eth_blockNumber
eth_getLogs
eth_blockNumber
eth_blockNumber
eth_getLogs
eth_blockNumber
eth_blockNumber
eth_getLogs
eth_blockNumber
eth_getLogs
eth_blockNumber
eth_blockNumber
eth_getLogs
eth_blockNumber
eth_blockNumber
eth_getLogs
eth_blockNumber
eth_getLogs
eth_blockNumber
eth_blockNumber
eth_getLogs
eth_blockNumber
eth_blockNumber
eth_getLogs
eth_blockNumber
eth_getLogs
eth_blockNumber
eth_blockNumber
eth_getLogs
eth_blockNumber
eth_blockNumber
eth_getLogs
eth_blockNumber
eth_getLogs
eth_blockNumber
eth_blockNumber
eth_getLogs
eth_blockNumber
eth_blockNumber
eth_getLogs
eth_blockNumber
eth_getLogs
eth_blockNumber
eth_blockNumber
eth_getLogs
eth_blockNumber
eth_blockNumber
eth_getLogs
eth_blockNumber
eth_blockNumber
eth_getLogs
eth_blockNumber
eth_getLogs
eth_blockNumber
eth_blockNumber
eth_getLogs
eth_blockNumber
eth_blockNumber
eth_getLogs
eth_blockNumber
eth_getLogs
eth_blockNumber
eth_blockNumber
eth_getLogs
eth_blockNumber
eth_blockNumber
eth_getLogs
eth_blockNumber
eth_getLogs
eth_blockNumber
eth_blockNumber
eth_getLogs
eth_blockNumber
eth_blockNumber
eth_getLogs
eth_blockNumber
eth_getLogs
eth_blockNumber
eth_blockNumber
eth_getLogs
eth_blockNumber
eth_blockNumber
eth_getLogs
eth_blockNumber
eth_getLogs
eth_blockNumber
eth_blockNumber
eth_getLogs
eth_blockNumber
eth_blockNumber
eth_getLogs
eth_blockNumber
eth_getLogs
eth_blockNumber
eth_blockNumber
eth_getLogs
eth_blockNumber
eth_blockNumber
eth_getLogs
eth_blockNumber
eth_getLogs
eth_blockNumber
eth_blockNumber
eth_getLogs
eth_blockNumber
eth_blockNumber
eth_getLogs
eth_blockNumber
eth_blockNumber
eth_getLogs
eth_blockNumber
eth_getLogs
eth_blockNumber
eth_blockNumber
eth_getLogs
eth_blockNumber
eth_blockNumber
eth_getLogs
eth_blockNumber
eth_getLogs
eth_blockNumber
eth_blockNumber
eth_getLogs
eth_blockNumber
eth_blockNumber
eth_getLogs
eth_blockNumber
eth_getLogs
eth_blockNumber
eth_blockNumber
eth_getLogs
eth_blockNumber
eth_blockNumber
eth_getLogs
eth_blockNumber
eth_getLogs
eth_blockNumber
eth_blockNumber
eth_getLogs
eth_blockNumber
eth_blockNumber
eth_getLogs
eth_blockNumber
eth_getLogs
eth_blockNumber
eth_blockNumber
eth_getLogs
eth_blockNumber
eth_blockNumber
eth_getLogs
eth_blockNumber
eth_getLogs
eth_blockNumber
eth_blockNumber
eth_getLogs
eth_blockNumber
eth_blockNumber
eth_getLogs
eth_blockNumber
eth_blockNumber
eth_getLogs
eth_blockNumber
eth_getLogs
eth_blockNumber
eth_blockNumber
eth_getLogs
eth_blockNumber
eth_blockNumber
eth_getLogs
eth_blockNumber
eth_getLogs
eth_blockNumber
eth_blockNumber
eth_getLogs
eth_blockNumber
eth_blockNumber
eth_getLogs
eth_blockNumber
eth_getLogs
eth_blockNumber
eth_blockNumber
eth_getLogs
eth_blockNumber
eth_blockNumber
eth_getLogs
eth_blockNumber
eth_getLogs
eth_blockNumber
eth_blockNumber
eth_getLogs
eth_blockNumber
eth_blockNumber
eth_getLogs
eth_blockNumber
eth_getLogs
eth_blockNumber
eth_blockNumber
eth_getLogs
eth_blockNumber
eth_blockNumber
eth_getLogs
eth_blockNumber
eth_getLogs
eth_blockNumber
eth_blockNumber
eth_getLogs
eth_blockNumber
eth_blockNumber
eth_getLogs
eth_blockNumber
eth_getLogs
eth_blockNumber
eth_blockNumber
eth_getLogs
eth_blockNumber
eth_blockNumber
eth_getLogs
eth_blockNumber
eth_getLogs
eth_blockNumber
eth_blockNumber
eth_getLogs
eth_blockNumber
eth_blockNumber
eth_getLogs
eth_blockNumber
eth_blockNumber
eth_getLogs
eth_blockNumber
eth_getLogs
eth_blockNumber
eth_blockNumber
eth_getLogs
eth_blockNumber
eth_blockNumber
eth_getLogs
eth_blockNumber
eth_getLogs
eth_blockNumber
eth_blockNumber
eth_getLogs
eth_blockNumber
eth_blockNumber
eth_getLogs
eth_blockNumber
eth_getLogs
eth_blockNumber
eth_blockNumber
eth_getLogs
eth_blockNumber
eth_blockNumber
eth_getLogs
eth_blockNumber
eth_getLogs
eth_blockNumber
eth_blockNumber
eth_getLogs
eth_blockNumber
eth_blockNumber
eth_getLogs
eth_blockNumber
eth_getLogs
eth_blockNumber
eth_blockNumber
eth_getLogs
eth_blockNumber
eth_blockNumber
eth_getLogs
eth_blockNumber
eth_getLogs
eth_blockNumber
eth_blockNumber
eth_getLogs
eth_blockNumber
eth_getTransactionCount
eth_blockNumber
eth_getLogs
eth_blockNumber
eth_blockNumber
eth_getLogs
eth_blockNumber
eth_getLogs
eth_blockNumber
eth_blockNumber
eth_getLogs
eth_blockNumber
eth_blockNumber
eth_getLogs
eth_blockNumber
eth_getLogs
eth_blockNumber
eth_blockNumber
eth_getLogs
eth_blockNumber
eth_blockNumber
eth_getLogs
eth_blockNumber
eth_getLogs
eth_blockNumber
eth_getCode
eth_gasPrice
eth_chainId
eth_getBlockByNumber
eth_getBlockByNumber
eth_chainId
eth_gasPrice
eth_getBalance
eth_getCode
eth_getTransactionCount
eth_getAccountInfo
eth_getStorageAt
eth_getAccountInfo
eth_getStorageAt
eth_getStorageAt
eth_getStorageAt
eth_getStorageAt
eth_getAccountInfo
eth_getStorageAt
eth_getStorageAt
eth_getAccountInfo
eth_getStorageAt
eth_getAccountInfo
eth_blockNumber
eth_getLogs
eth_getAccountInfo
eth_getAccountInfo
eth_getAccountInfo
eth_getStorageAt
eth_getStorageAt
eth_getStorageAt
eth_getStorageAt
eth_getStorageAt
eth_getStorageAt
eth_getStorageAt
eth_getStorageAt
eth_getStorageAt
eth_getStorageAt
eth_getStorageAt
eth_getAccountInfo
eth_getStorageAt
eth_getStorageAt
eth_getStorageAt
eth_getStorageAt
eth_getStorageAt
eth_getAccountInfo
eth_getStorageAt
eth_getStorageAt
eth_getStorageAt
eth_getStorageAt
eth_getStorageAt
eth_getStorageAt
eth_getStorageAt
eth_getStorageAt
eth_getStorageAt
eth_getStorageAt
eth_getStorageAt
eth_getStorageAt
eth_getStorageAt
eth_getStorageAt
eth_getStorageAt
eth_getStorageAt
eth_getStorageAt
eth_chainId
eth_chainId
eth_gasPrice
eth_getBlockByNumber
eth_chainId
eth_chainId
eth_feeHistory
eth_feeHistory
eth_sendRawTransaction
eth_sendRawTransaction

    Transaction: 0x5ffceaf4b2d002affdb7bd4609fbd531e4cf60308277e709992a14e8a804faca
    Contract created: 0xcb68357b50A5e759E9C530f172A8174EfA1E350D
    Gas used: 1001645

    Block Number: 24363372
    Block Hash: 0xf1fb02194c1e0f973c99d3647dfe1b2db39caf9bdf04e47e149d6cef91d1d848
    Block Time: "Sun, 1 Feb 2026 23:22:22 +0000"

eth_getTransactionReceipt
eth_getTransactionReceipt
eth_getTransactionReceipt

    Transaction: 0x1610c64bca7231506e1f3c26512bb601f6a2ab6237a1d299c10f294fbb4ab696
    Gas used: 2516154

    Block Number: 24363373
    Block Hash: 0x62aebeb896cba15720d1743ff65821ed64c7d3a1a6480f385d12783a08c65908
    Block Time: "Sun, 1 Feb 2026 23:22:22 +0000"

eth_blockNumber
eth_getBlockByNumber
eth_getBlockByNumber
eth_getTransactionReceipt
eth_blockNumber
eth_getLogs
eth_blockNumber
eth_getLogs
eth_blockNumber
eth_getLogs
eth_blockNumber
eth_blockNumber
eth_getLogs
eth_blockNumber
eth_blockNumber
eth_getLogs
eth_blockNumber
eth_getLogs
eth_blockNumber
eth_blockNumber
eth_getLogs
eth_blockNumber
eth_blockNumber
eth_getLogs
eth_blockNumber
eth_getLogs
eth_blockNumber
eth_blockNumber
eth_getLogs
eth_blockNumber
eth_blockNumber
eth_getLogs
eth_blockNumber
eth_getLogs
eth_blockNumber
eth_blockNumber
eth_getLogs
eth_blockNumber
eth_blockNumber
eth_getLogs
eth_blockNumber
eth_blockNumber
eth_getLogs
eth_blockNumber
eth_getLogs
eth_blockNumber
eth_blockNumber
eth_getLogs
eth_blockNumber
eth_blockNumber
eth_getLogs
eth_blockNumber
eth_getLogs
eth_blockNumber
eth_blockNumber
eth_getLogs
eth_blockNumber
eth_blockNumber
eth_getLogs
eth_blockNumber
eth_getLogs
eth_blockNumber
eth_blockNumber
eth_getLogs
eth_blockNumber
eth_blockNumber
eth_getLogs
eth_blockNumber
eth_getLogs
eth_blockNumber
eth_blockNumber
eth_getLogs
eth_blockNumber
eth_blockNumber
eth_getLogs
eth_blockNumber
eth_getLogs
eth_blockNumber
eth_blockNumber
eth_getLogs
eth_blockNumber
eth_blockNumber
eth_getLogs
eth_blockNumber
eth_getLogs
eth_blockNumber
eth_blockNumber
eth_getLogs
eth_blockNumber
eth_blockNumber
eth_getLogs
eth_blockNumber
eth_getLogs
eth_blockNumber
eth_blockNumber
eth_getLogs
eth_blockNumber
eth_blockNumber
eth_getLogs
eth_blockNumber
eth_blockNumber
eth_getLogs
eth_blockNumber
eth_getLogs
eth_blockNumber
eth_blockNumber
eth_getLogs
eth_blockNumber
eth_blockNumber
eth_getLogs
eth_blockNumber
eth_getLogs
eth_blockNumber
eth_blockNumber
eth_getLogs
eth_blockNumber
eth_blockNumber
eth_getLogs
eth_blockNumber
eth_getLogs
eth_blockNumber
eth_blockNumber
eth_getLogs
eth_blockNumber
eth_blockNumber
eth_getLogs
eth_blockNumber
eth_getLogs
eth_blockNumber
eth_blockNumber
eth_getLogs
eth_blockNumber
eth_blockNumber
eth_getLogs
eth_blockNumber
eth_getLogs
eth_blockNumber
eth_blockNumber
eth_getLogs
eth_blockNumber
eth_blockNumber
eth_getLogs
eth_blockNumber
eth_getLogs
eth_blockNumber
eth_blockNumber
eth_getLogs
eth_blockNumber
eth_blockNumber
eth_getLogs
eth_blockNumber
eth_getLogs
eth_blockNumber
eth_blockNumber
eth_getLogs
eth_blockNumber
eth_blockNumber
eth_getLogs
eth_blockNumber
eth_blockNumber
eth_getLogs
eth_blockNumber
eth_getLogs
eth_blockNumber
eth_blockNumber
eth_getLogs
eth_blockNumber
eth_blockNumber
eth_getLogs
eth_blockNumber
eth_getLogs
eth_blockNumber
eth_blockNumber
eth_getLogs
eth_blockNumber
eth_blockNumber
eth_getLogs
eth_blockNumber
eth_getLogs
eth_blockNumber
eth_blockNumber
eth_getLogs
eth_blockNumber
eth_blockNumber
eth_getLogs
eth_blockNumber
eth_getLogs
eth_blockNumber
eth_blockNumber
eth_getLogs
eth_blockNumber
eth_blockNumber
eth_getLogs
eth_blockNumber
eth_getLogs
eth_blockNumber
eth_blockNumber
eth_getLogs
eth_blockNumber
eth_blockNumber
eth_getLogs
eth_blockNumber
eth_getLogs
eth_blockNumber
eth_blockNumber
eth_getLogs
eth_blockNumber
eth_blockNumber
eth_getLogs
eth_blockNumber
eth_blockNumber
eth_getLogs
eth_blockNumber
eth_getLogs
eth_blockNumber
eth_blockNumber
eth_getLogs
eth_blockNumber
eth_blockNumber
eth_getLogs
eth_blockNumber
eth_getLogs
eth_blockNumber
eth_blockNumber
eth_getLogs
eth_blockNumber
eth_blockNumber
eth_getLogs
eth_blockNumber
eth_getLogs
eth_blockNumber
eth_blockNumber
eth_getLogs
eth_blockNumber
eth_blockNumber
eth_getLogs
eth_blockNumber
eth_getLogs
eth_blockNumber
eth_blockNumber
eth_getLogs
eth_blockNumber
eth_blockNumber
eth_getLogs
eth_blockNumber
eth_getLogs
eth_blockNumber
eth_blockNumber
eth_getLogs
eth_blockNumber
eth_blockNumber
eth_getLogs
eth_blockNumber
eth_getLogs
eth_blockNumber
eth_blockNumber
eth_getLogs
eth_blockNumber
eth_blockNumber
eth_getLogs
eth_blockNumber
eth_getLogs
eth_blockNumber
eth_blockNumber
eth_getLogs
eth_blockNumber
eth_blockNumber
eth_getLogs
eth_blockNumber
eth_blockNumber
eth_getLogs
eth_blockNumber
eth_getLogs
eth_blockNumber
eth_blockNumber
eth_getLogs
eth_blockNumber
eth_blockNumber
eth_getLogs
eth_blockNumber
eth_getLogs
eth_blockNumber
eth_blockNumber
eth_getLogs
eth_blockNumber
eth_blockNumber
eth_getLogs
eth_blockNumber
eth_getLogs
eth_blockNumber
eth_blockNumber
eth_getLogs
eth_blockNumber
eth_blockNumber
eth_getLogs
eth_blockNumber
eth_getLogs
eth_blockNumber
eth_blockNumber
eth_getLogs
eth_blockNumber
eth_blockNumber
eth_getLogs
eth_blockNumber
eth_getLogs
eth_blockNumber
eth_blockNumber
eth_getLogs
eth_blockNumber
eth_blockNumber
eth_getLogs
eth_blockNumber
eth_getLogs
eth_blockNumber
eth_blockNumber
eth_getLogs
eth_blockNumber
eth_blockNumber
eth_getLogs
eth_blockNumber
eth_getLogs
eth_blockNumber
eth_blockNumber
eth_getLogs
eth_blockNumber
eth_blockNumber
eth_getLogs
eth_blockNumber
eth_blockNumber
eth_getLogs
eth_blockNumber
eth_getLogs
eth_blockNumber
eth_blockNumber
eth_getLogs
eth_blockNumber
eth_blockNumber
eth_getLogs
eth_blockNumber
eth_getLogs
eth_blockNumber
eth_blockNumber
eth_getLogs
eth_blockNumber
eth_blockNumber
eth_getLogs
eth_blockNumber
eth_getLogs
eth_blockNumber
eth_blockNumber
eth_getLogs
eth_blockNumber
eth_blockNumber
eth_getLogs
eth_blockNumber
eth_getLogs
eth_blockNumber
eth_blockNumber
eth_getLogs
eth_blockNumber
eth_blockNumber
eth_getLogs
eth_blockNumber
eth_getLogs
eth_blockNumber
eth_blockNumber
eth_getLogs
eth_blockNumber
eth_blockNumber
eth_getLogs
eth_blockNumber
eth_getLogs
eth_blockNumber
eth_blockNumber
eth_getLogs
eth_blockNumber
eth_blockNumber
eth_getLogs
eth_blockNumber
eth_getLogs
eth_blockNumber
eth_blockNumber
eth_getLogs
eth_blockNumber
eth_blockNumber
eth_getLogs
eth_blockNumber
eth_blockNumber
eth_getLogs
eth_chainId
eth_getTransactionCount
eth_call
anvil_impersonateAccount
eth_chainId
eth_getTransactionCount
eth_feeHistory
eth_estimateGas
eth_sendTransaction
eth_getTransactionReceipt

    Transaction: 0x1e7b9204a84b6a27b65f1ea92abc2aa84604a6b5e2ec19430218cda01bb0c74e
    Gas used: 55582

    Block Number: 24363374
    Block Hash: 0x22878c4a3299f7bccfb1e5913f7d63343266fddda45c1948cec8d39e40c0f99b
    Block Time: "Sun, 1 Feb 2026 23:27:15 +0000"

eth_getTransactionReceipt
eth_getTransactionReceipt
eth_chainId
eth_getTransactionCount
eth_feeHistory
eth_estimateGas
eth_sendTransaction
eth_getTransactionReceipt

    Transaction: 0x0af300378426d18bcc7975fa7d37b140143b1aaa92aad9252387c2374fdc409c
    Gas used: 160434

    Block Number: 24363375
    Block Hash: 0x5e53a0809476be3d673fae5843e1b84ff5b79479ef1a089ae7573820ce8dacec
    Block Time: "Sun, 1 Feb 2026 23:27:15 +0000"

eth_getTransactionReceipt
eth_getTransactionReceipt
anvil_stopImpersonatingAccount
eth_chainId
eth_getTransactionCount
eth_call
eth_chainId
eth_getTransactionCount
eth_feeHistory
eth_estimateGas
eth_sendRawTransaction

    Transaction: 0x16965adf067b9cc2927771959be5841920a8110035a32c5680bb4112f5785ea7
    Gas used: 51312

eth_getTransactionReceipt
    Block Number: 24363376
    Block Hash: 0x555477cc1b5a4c0dfbadab724c664a2e1369df06a6b4aef21e6aeffee9c683e8
    Block Time: "Sun, 1 Feb 2026 23:27:15 +0000"

eth_chainId
eth_getTransactionCount
eth_feeHistory
eth_estimateGas
eth_sendRawTransaction
eth_getTransactionReceipt

    Transaction: 0x120f1f58a911da4b6df819e7f2c1a58a7ba5a8d033a4108f8dbd87fefaef12d1
    Gas used: 169430

    Block Number: 24363377
    Block Hash: 0x9a847cb2fb635c570c9b69a0fb62db7a7857d24f87311f0419cbde30c1522ac7
    Block Time: "Sun, 1 Feb 2026 23:27:15 +0000"

eth_getTransactionReceipt
eth_getTransactionReceipt
eth_chainId
eth_getTransactionCount
eth_call
evm_increaseTime
evm_mine

    Block Number: 24363378
    Block Hash: 0xb0b74b46bf15a07c22eb9d48d61c0da5d4c7ff845a28aac9dd003f751528a0cb
    Block Time: "Mon, 2 Feb 2026 01:27:16 +0000"

eth_chainId
eth_getTransactionCount
eth_feeHistory
eth_estimateGas
eth_sendRawTransaction

    Transaction: 0xeff3fc51ade79df9322e18d10b30799ac9a430a6589196ea19811025018b9d5c
    Gas used: 343719

    Block Number: 24363379
    Block Hash: 0x5c1686691ac21b4db094c2151805bbe5d90ce7ae37d8da695989897c319b0149
    Block Time: "Mon, 2 Feb 2026 01:27:16 +0000"

eth_getTransactionReceipt
eth_blockNumber
eth_getLogs
eth_chainId
eth_getTransactionCount
eth_feeHistory
eth_estimateGas
eth_sendRawTransaction

    Transaction: 0xf189e35b59a7dc11887e6d36e33e7131fa8275531171ad1250214a5f167922ad
    Gas used: 46509

    Block Number: 24363380
    Block Hash: 0xe2976c3dd1464cd273f0685bf785d93939cdcff7fa7a8ab58f6c9637c297c47d
    Block Time: "Mon, 2 Feb 2026 01:27:16 +0000"

eth_getTransactionReceipt
eth_chainId
eth_getTransactionCount
eth_call
eth_chainId
eth_getTransactionCount
eth_feeHistory
eth_estimateGas
eth_sendRawTransaction

    Transaction: 0x9d281e13d174ea210d3e6681944a769e940bb6f0bda4daadf19bdb60df66c4be
    Gas used: 322608

    Block Number: 24363381
    Block Hash: 0xbeb8a0f69c9793680538db13c26d13c4b2af800d4dbe9f0f41c0c327195aa2de
    Block Time: "Mon, 2 Feb 2026 01:27:16 +0000"

eth_getTransactionReceipt
eth_chainId
eth_getTransactionCount
eth_call
eth_chainId
eth_getTransactionCount
eth_feeHistory
eth_estimateGas
eth_sendRawTransaction
eth_getTransactionReceipt

    Transaction: 0x728e6fa55a39017e2622e8766db41978ac679817323e7fa58ca129e95132f419
    Gas used: 174085

    Block Number: 24363382
    Block Hash: 0x7e97b71bb1efafbb2fe898e4a4c4d6976d13061c47e391e4009324a4a3483eea
    Block Time: "Mon, 2 Feb 2026 01:27:16 +0000"

eth_getTransactionReceipt
eth_getTransactionReceipt
eth_chainId
eth_getTransactionCount
eth_feeHistory
eth_estimateGas
eth_sendRawTransaction
eth_getTransactionReceipt

    Transaction: 0x359cf963de737dddc1b44a90fea91078074e07c949f09f97f6afee8ccca44a80
    Gas used: 174217

    Block Number: 24363383
    Block Hash: 0x0cf8950a6135ef93211157788564d586cf2fe5a12822942995b6674057f54aa1
    Block Time: "Mon, 2 Feb 2026 01:27:16 +0000"

eth_getTransactionReceipt
eth_getTransactionReceipt
eth_chainId
eth_getTransactionCount
eth_call
eth_chainId
eth_getTransactionCount
eth_call
eth_chainId
eth_getTransactionCount
eth_feeHistory
eth_estimateGas
eth_sendRawTransaction

    Transaction: 0xdffded75b04c58786f110c2912bd7ea686d7ae1f5a7708fd42e24cef2cef937e
    Gas used: 46189

    Block Number: 24363384
    Block Hash: 0xaa901908c927ee5578d40c49932b35b50c8d98b96532e4db4fd1ff62890906c2
    Block Time: "Mon, 2 Feb 2026 01:27:16 +0000"

eth_getTransactionReceipt
eth_chainId
eth_getTransactionCount
eth_feeHistory
eth_estimateGas
eth_sendRawTransaction
eth_getTransactionReceipt

    Transaction: 0xca04409abacbf7e5fa99707fbebf30993c2d3c6aa7c3143b1b107076c60c7330
    Gas used: 46211

    Block Number: 24363385
    Block Hash: 0x1a11574bf25b5c51e02b382e9043ff85fd3f59a8073ec83893700199a21efc29
    Block Time: "Mon, 2 Feb 2026 01:27:16 +0000"

eth_getTransactionReceipt
eth_getTransactionReceipt
eth_chainId
eth_getTransactionCount
eth_feeHistory
eth_estimateGas
eth_sendRawTransaction

    Transaction: 0x27a4b27fddf1da54bd70e2340f1baef0f92721130447af79e030d0441c9ecdae
    Gas used: 47818

    Block Number: 24363386
    Block Hash: 0x80bde407862ee1991ceb36f5e14d17a4299de795ce24319a32879d7098fe98ae
    Block Time: "Mon, 2 Feb 2026 01:27:16 +0000"

eth_getTransactionReceipt
eth_chainId
eth_getTransactionCount
eth_feeHistory
eth_estimateGas
eth_sendRawTransaction
eth_getTransactionReceipt

    Transaction: 0x59ff04de9500da96260099f306210ac66e8b27da59dcae64f4725e7a21640c71
    Gas used: 47818

    Block Number: 24363387
    Block Hash: 0x9d3751b33cb5c29071edc12fd7d076f067e3203f46d80b5c530c49ac7b72cf71
    Block Time: "Mon, 2 Feb 2026 01:27:16 +0000"

eth_getTransactionReceipt
eth_getTransactionReceipt
eth_blockNumber
eth_getLogs
eth_blockNumber
eth_getLogs
eth_blockNumber
eth_blockNumber
eth_getLogs
eth_blockNumber
eth_getLogs
eth_blockNumber
eth_blockNumber
eth_getLogs
eth_blockNumber
eth_blockNumber
eth_getLogs
eth_blockNumber
eth_getLogs
eth_blockNumber
eth_blockNumber
eth_getLogs
eth_blockNumber
eth_blockNumber
eth_getLogs
eth_getTransactionCount
eth_blockNumber
eth_getLogs
eth_blockNumber
eth_blockNumber
eth_getLogs
eth_blockNumber
eth_blockNumber
eth_getLogs
eth_blockNumber
eth_getLogs
eth_blockNumber
eth_blockNumber
eth_getLogs
eth_blockNumber
eth_blockNumber
eth_getLogs
eth_blockNumber
eth_getLogs
eth_blockNumber
eth_blockNumber
eth_getLogs
eth_blockNumber
eth_blockNumber
eth_getLogs
eth_getCode
eth_gasPrice
eth_chainId
eth_getBlockByNumber
eth_chainId
eth_getBlockByNumber
eth_gasPrice
eth_getAccountInfo
eth_getTransactionCount
eth_getBalance
eth_getAccountInfo
eth_getAccountInfo
eth_getAccountInfo
eth_getAccountInfo
eth_getAccountInfo
eth_getStorageAt
eth_getAccountInfo
eth_getAccountInfo
eth_getStorageAt
eth_getStorageAt
eth_getStorageAt
eth_getStorageAt
eth_getStorageAt
eth_getStorageAt
eth_getStorageAt
eth_getAccountInfo
eth_getStorageAt
eth_getStorageAt
eth_getStorageAt
eth_getStorageAt
eth_getStorageAt
eth_getStorageAt
eth_getStorageAt
eth_getStorageAt
eth_getStorageAt
eth_getStorageAt
eth_getStorageAt
eth_getStorageAt
eth_getStorageAt
eth_getStorageAt
eth_getStorageAt
eth_getStorageAt
eth_getStorageAt
eth_getStorageAt
eth_getStorageAt
eth_getStorageAt
eth_getStorageAt
eth_getAccountInfo
eth_getStorageAt
eth_getAccountInfo
eth_getStorageAt
eth_getStorageAt
eth_getStorageAt
eth_getAccountInfo
eth_getStorageAt
eth_getStorageAt
eth_getStorageAt
eth_getStorageAt
eth_chainId
eth_chainId
eth_chainId
eth_feeHistory
eth_feeHistory
eth_getTransactionCount
eth_estimateGas
eth_sendRawTransaction
eth_getTransactionReceipt

    Transaction: 0x961bd0b510665006b4448c7ec303f7911878afbe3bad5ef459fc9b165b19535d
    Gas used: 471110

    Block Number: 24363388
    Block Hash: 0x7175cea3e63c7c04ac4560b371fc0971c9d53cc1ce202a6eaeec7563434ed1e1
    Block Time: "Mon, 2 Feb 2026 01:27:52 +0000"

eth_blockNumber
eth_getBlockByNumber
eth_getBlockByNumber
eth_getTransactionReceipt
eth_blockNumber
eth_getLogs
eth_blockNumber
eth_getLogs
eth_blockNumber
eth_getLogs
eth_blockNumber
eth_blockNumber
eth_getLogs
eth_blockNumber
eth_blockNumber
eth_getLogs
eth_blockNumber
eth_getLogs
eth_blockNumber
eth_blockNumber
eth_getLogs
eth_blockNumber
eth_blockNumber
eth_getLogs
eth_blockNumber
eth_getLogs
eth_blockNumber
eth_blockNumber
eth_getLogs
eth_blockNumber
eth_blockNumber
eth_getLogs
eth_blockNumber
eth_getLogs
eth_blockNumber
eth_blockNumber
eth_getLogs
eth_blockNumber
eth_blockNumber
eth_getLogs
eth_blockNumber
eth_getLogs
eth_blockNumber
eth_blockNumber
eth_getLogs
eth_blockNumber
eth_blockNumber
eth_getLogs
eth_blockNumber
eth_getLogs
eth_blockNumber
eth_blockNumber
eth_getLogs
eth_blockNumber
eth_blockNumber
eth_getLogs
eth_blockNumber
eth_getLogs
eth_blockNumber
eth_blockNumber
eth_getLogs
eth_blockNumber
eth_blockNumber
eth_getLogs
eth_blockNumber
eth_getLogs
eth_blockNumber
eth_blockNumber
eth_getLogs
eth_blockNumber
eth_blockNumber
eth_getLogs
eth_blockNumber
eth_blockNumber
eth_getLogs
eth_blockNumber
eth_getLogs
eth_blockNumber
eth_blockNumber
eth_getLogs
eth_blockNumber
eth_blockNumber
eth_getLogs
eth_blockNumber
eth_getLogs
eth_blockNumber
eth_blockNumber
eth_getLogs
eth_blockNumber
eth_blockNumber
eth_getLogs
eth_blockNumber
eth_getLogs
eth_blockNumber
eth_blockNumber
eth_getLogs
eth_blockNumber
eth_blockNumber
eth_getLogs
eth_blockNumber
eth_getLogs
eth_blockNumber
eth_blockNumber
eth_getLogs
eth_blockNumber
eth_blockNumber
eth_getLogs
eth_blockNumber
eth_getLogs
eth_blockNumber
eth_blockNumber
eth_getLogs
eth_blockNumber
eth_blockNumber
eth_getLogs
eth_blockNumber
eth_getLogs
eth_blockNumber
eth_blockNumber
eth_getLogs
eth_blockNumber
eth_blockNumber
eth_getLogs
eth_blockNumber
eth_getLogs
eth_blockNumber
eth_blockNumber
eth_getLogs
eth_blockNumber
eth_blockNumber
eth_getLogs
eth_blockNumber
eth_blockNumber
eth_getLogs
eth_blockNumber
eth_getLogs
eth_blockNumber
eth_blockNumber
eth_getLogs
eth_blockNumber
eth_blockNumber
eth_getLogs
eth_blockNumber
eth_getLogs
eth_blockNumber
eth_blockNumber
eth_getLogs
eth_blockNumber
eth_chainId
eth_getTransactionCount
eth_call
eth_chainId
eth_getTransactionCount
eth_call
eth_chainId
eth_getTransactionCount
eth_call
eth_blockNumber
eth_getLogs
eth_blockNumber
eth_getLogs
eth_blockNumber
eth_blockNumber
eth_getLogs
eth_blockNumber
eth_blockNumber
eth_getLogs
eth_chainId
eth_getTransactionCount
eth_call
eth_blockNumber
eth_getLogs
eth_blockNumber
eth_blockNumber
eth_getLogs
eth_blockNumber
eth_blockNumber
eth_getLogs
eth_blockNumber
eth_getLogs
eth_blockNumber
eth_blockNumber
eth_getLogs
eth_blockNumber
eth_blockNumber
eth_getLogs
eth_blockNumber
eth_getLogs
eth_blockNumber
eth_blockNumber
eth_getLogs
eth_blockNumber
eth_blockNumber
eth_getLogs
eth_blockNumber
eth_getLogs
eth_blockNumber
eth_blockNumber
eth_getLogs
eth_blockNumber
eth_blockNumber
eth_getLogs
eth_blockNumber
eth_blockNumber
eth_getLogs
eth_blockNumber
eth_getLogs
eth_blockNumber
eth_blockNumber
eth_getLogs
eth_blockNumber
eth_blockNumber
eth_getLogs
eth_blockNumber
eth_getLogs
eth_getTransactionCount
eth_blockNumber
eth_getCode
eth_gasPrice
eth_chainId
eth_getBlockByNumber
eth_chainId
eth_gasPrice
eth_getBlockByNumber
eth_getBalance
eth_getAccountInfo
eth_getTransactionCount
eth_getCode
eth_getAccountInfo
eth_getAccountInfo
eth_getAccountInfo
eth_getAccountInfo
eth_getStorageAt
eth_getStorageAt
eth_getStorageAt
eth_getStorageAt
eth_getStorageAt
eth_getStorageAt
eth_getStorageAt
eth_getStorageAt
eth_getStorageAt
eth_getStorageAt
eth_getAccountInfo
eth_getStorageAt
eth_getStorageAt
eth_getAccountInfo
eth_chainId
eth_blockNumber
eth_getLogs
eth_blockNumber
eth_blockNumber
eth_getLogs
eth_blockNumber
eth_getLogs
eth_blockNumber
eth_blockNumber
eth_getLogs
eth_blockNumber
eth_blockNumber
eth_getLogs
eth_blockNumber
eth_getLogs
eth_blockNumber
eth_blockNumber
eth_getLogs
eth_blockNumber
eth_blockNumber
eth_getLogs
eth_blockNumber
eth_getLogs
eth_blockNumber
eth_blockNumber
eth_getLogs
eth_blockNumber
eth_blockNumber
eth_getLogs
eth_blockNumber
eth_getLogs
eth_blockNumber
eth_chainId
eth_blockNumber
eth_getLogs
eth_blockNumber
eth_blockNumber
eth_getLogs
eth_blockNumber
eth_getLogs
eth_blockNumber
eth_blockNumber
eth_getLogs
eth_blockNumber
eth_blockNumber
eth_getLogs
eth_blockNumber
eth_blockNumber
eth_getLogs
eth_blockNumber
eth_getLogs
eth_blockNumber
eth_blockNumber
eth_getLogs
eth_blockNumber
eth_blockNumber
eth_getLogs
eth_blockNumber
eth_getLogs
eth_blockNumber
eth_blockNumber
eth_getLogs
eth_blockNumber
eth_blockNumber
eth_getLogs
eth_blockNumber
eth_getLogs
eth_blockNumber
eth_blockNumber
eth_getLogs
eth_blockNumber
eth_blockNumber
eth_getLogs
eth_blockNumber
eth_getLogs
eth_blockNumber
eth_blockNumber
eth_getLogs
eth_blockNumber
eth_blockNumber
eth_getLogs
eth_blockNumber
eth_getLogs
eth_blockNumber
eth_blockNumber
eth_getLogs
eth_blockNumber
eth_blockNumber
eth_getLogs
eth_blockNumber
eth_getLogs
eth_blockNumber
eth_blockNumber
eth_getLogs
eth_blockNumber
eth_blockNumber
eth_getLogs
eth_blockNumber
eth_getLogs
eth_blockNumber
eth_blockNumber
eth_getLogs
eth_blockNumber
eth_blockNumber
eth_getLogs
eth_blockNumber
eth_blockNumber
eth_getLogs
eth_blockNumber
eth_getLogs
eth_blockNumber
eth_blockNumber
eth_getLogs
eth_blockNumber
eth_blockNumber
eth_getLogs
eth_blockNumber
eth_getLogs
eth_blockNumber
eth_blockNumber
eth_getLogs
eth_blockNumber
eth_blockNumber
eth_getLogs
eth_blockNumber
eth_getLogs
eth_blockNumber
eth_blockNumber
eth_getLogs
eth_blockNumber
eth_blockNumber
eth_getLogs
eth_blockNumber
eth_getLogs
eth_blockNumber
eth_blockNumber
eth_getLogs
eth_blockNumber
eth_blockNumber
eth_getLogs
eth_chainId
eth_getTransactionCount
eth_call
eth_chainId
eth_getTransactionCount
eth_call
eth_blockNumber
eth_getLogs
eth_blockNumber
eth_blockNumber
eth_getLogs
eth_blockNumber
eth_blockNumber
eth_getLogs
eth_blockNumber
eth_getLogs
eth_blockNumber
eth_blockNumber
eth_getLogs
eth_blockNumber
eth_blockNumber
eth_getLogs
eth_blockNumber
eth_blockNumber
eth_getLogs
eth_blockNumber
eth_getLogs
eth_blockNumber
eth_blockNumber
eth_getLogs
eth_blockNumber
eth_blockNumber
eth_getLogs
eth_blockNumber
eth_getLogs
eth_blockNumber
eth_blockNumber
eth_getLogs
eth_blockNumber
eth_blockNumber
eth_getLogs
eth_blockNumber
eth_getLogs
eth_blockNumber
eth_blockNumber
eth_getLogs
eth_blockNumber
eth_blockNumber
eth_getLogs
eth_blockNumber
eth_getLogs
eth_blockNumber
eth_blockNumber
eth_getLogs
eth_blockNumber
eth_blockNumber
eth_getLogs
eth_blockNumber
eth_getLogs
eth_blockNumber
eth_blockNumber
eth_getLogs
eth_blockNumber
eth_blockNumber
eth_getLogs
eth_chainId
eth_getTransactionCount
eth_call
eth_chainId
eth_getTransactionCount
eth_call
eth_chainId
eth_getTransactionCount
eth_call
eth_chainId
eth_getTransactionCount
eth_call

RPC request failed:
    Request: EthCall(WithOtherFields { inner: TransactionRequest { from: Some(0x0000000000000000000000000000000000000000), to: Some(Call(0x000000000004444c5dc75cb358380d2e3de08a90)), gas_price: None, max_fee_per_gas: None, max_priority_fee_per_gas: None, max_fee_per_blob_gas: None, gas: None, value: None, input: TransactionInput { input: Some(0xc815641ced50b724bd1daf3ad1783a50bae32986c5a2a5b8d4a813f6a1ead178f31f763e), data: Some(0xc815641ced50b724bd1daf3ad1783a50bae32986c5a2a5b8d4a813f6a1ead178f31f763e) }, nonce: None, chain_id: Some(1), access_list: None, transaction_type: None, blob_versioned_hashes: None, sidecar: None, authorization_list: None }, other: OtherFields {} }, Some(latest), None, None)
    Error: Execution error: execution reverted

eth_blockNumber
eth_getLogs
eth_blockNumber
eth_blockNumber
eth_getLogs
eth_blockNumber
eth_blockNumber
eth_getLogs
eth_blockNumber
eth_getLogs
eth_blockNumber
eth_blockNumber
eth_getLogs
eth_blockNumber
eth_blockNumber
eth_getLogs
eth_blockNumber
eth_blockNumber
eth_getLogs
eth_blockNumber
eth_getLogs
eth_blockNumber
eth_blockNumber
eth_getLogs
eth_blockNumber
eth_blockNumber
eth_getLogs
eth_blockNumber
eth_getLogs
eth_blockNumber
eth_blockNumber
eth_getLogs
eth_blockNumber
eth_blockNumber
eth_getLogs
eth_blockNumber
eth_getLogs
eth_blockNumber
eth_blockNumber
eth_getLogs
eth_blockNumber
eth_blockNumber
eth_getLogs
eth_blockNumber
eth_getLogs
eth_blockNumber
eth_blockNumber
eth_getLogs
eth_blockNumber
eth_blockNumber
eth_getLogs
eth_blockNumber
eth_getLogs
eth_blockNumber
eth_blockNumber
eth_getLogs
eth_blockNumber
eth_blockNumber
eth_getLogs
eth_blockNumber
eth_getLogs
eth_blockNumber
eth_blockNumber
eth_getLogs
eth_blockNumber
eth_blockNumber
eth_getLogs
eth_blockNumber
eth_getLogs
eth_blockNumber
eth_blockNumber
eth_getLogs
eth_blockNumber
eth_blockNumber
eth_getLogs
eth_blockNumber
eth_blockNumber
eth_getLogs
eth_blockNumber
eth_getLogs
eth_blockNumber
eth_blockNumber
eth_getLogs
eth_blockNumber
eth_blockNumber
eth_getLogs
eth_blockNumber
eth_getLogs
eth_blockNumber
eth_blockNumber
eth_getLogs
eth_blockNumber
eth_blockNumber
eth_getLogs
eth_blockNumber
eth_getLogs
eth_blockNumber
eth_blockNumber
eth_getLogs
eth_blockNumber
eth_blockNumber
eth_getLogs
eth_blockNumber
eth_getLogs
eth_blockNumber
eth_blockNumber
eth_getLogs
eth_blockNumber
eth_blockNumber
eth_getLogs
eth_blockNumber
eth_getLogs
eth_blockNumber
eth_blockNumber
eth_getLogs
eth_blockNumber
eth_blockNumber
eth_getLogs
eth_blockNumber
eth_getLogs
eth_blockNumber
eth_blockNumber
eth_getLogs
eth_blockNumber
eth_blockNumber
eth_getLogs
eth_blockNumber
eth_getLogs
eth_blockNumber
eth_blockNumber
eth_getLogs
eth_blockNumber
eth_blockNumber
eth_getLogs
eth_blockNumber
eth_blockNumber
eth_getLogs
eth_blockNumber
eth_getLogs
eth_blockNumber
eth_blockNumber
eth_getLogs
eth_blockNumber
eth_blockNumber
eth_getLogs
eth_blockNumber
eth_getLogs
eth_blockNumber
eth_blockNumber
eth_getLogs
eth_blockNumber
eth_blockNumber
eth_getLogs
eth_blockNumber
eth_getLogs
eth_blockNumber
eth_blockNumber
eth_getLogs
eth_blockNumber
eth_blockNumber
eth_getLogs
eth_blockNumber
eth_getLogs
eth_blockNumber
eth_blockNumber
eth_getLogs
eth_blockNumber
eth_blockNumber
eth_getLogs
eth_blockNumber
eth_getLogs
eth_blockNumber
eth_blockNumber
eth_getLogs
eth_blockNumber
eth_blockNumber
eth_getLogs
eth_blockNumber
eth_getLogs
eth_blockNumber
eth_blockNumber
eth_getLogs
eth_blockNumber
eth_blockNumber
eth_getLogs
eth_blockNumber
eth_getLogs
eth_blockNumber
eth_blockNumber
eth_getLogs
eth_blockNumber
eth_blockNumber
eth_getLogs
eth_blockNumber
eth_blockNumber
eth_getLogs
eth_blockNumber
eth_getLogs
eth_blockNumber
eth_blockNumber
eth_getLogs
eth_blockNumber
eth_blockNumber
eth_getLogs
eth_blockNumber
eth_getLogs
eth_blockNumber
eth_blockNumber
eth_getLogs
eth_blockNumber
eth_blockNumber
eth_getLogs
eth_blockNumber
eth_getLogs
eth_blockNumber
eth_blockNumber
eth_getLogs
eth_blockNumber
eth_blockNumber
eth_getLogs
eth_blockNumber
eth_getLogs
eth_blockNumber
eth_blockNumber
eth_getLogs
eth_blockNumber
eth_blockNumber
eth_getLogs
eth_blockNumber
eth_getLogs
eth_blockNumber
eth_blockNumber
eth_getLogs
eth_blockNumber
eth_blockNumber
eth_getLogs
eth_blockNumber
eth_getLogs
eth_blockNumber
eth_blockNumber
eth_getLogs
eth_blockNumber
eth_blockNumber
eth_getLogs
eth_blockNumber
eth_getLogs
eth_blockNumber
eth_blockNumber
eth_getLogs
eth_blockNumber
eth_blockNumber
eth_getLogs
eth_blockNumber
eth_getLogs
eth_blockNumber
eth_blockNumber
eth_getLogs
eth_blockNumber
eth_blockNumber
eth_getLogs
eth_blockNumber
eth_blockNumber
eth_getLogs
eth_blockNumber
eth_getLogs
eth_blockNumber
eth_blockNumber
eth_getLogs
eth_blockNumber
eth_blockNumber
eth_getLogs
eth_blockNumber
eth_getLogs
eth_blockNumber
eth_blockNumber
eth_getLogs
eth_blockNumber
eth_blockNumber
eth_getLogs
eth_blockNumber
eth_getLogs
eth_blockNumber
eth_blockNumber
eth_getLogs
eth_blockNumber
eth_blockNumber
eth_getLogs
eth_blockNumber
eth_getLogs
eth_blockNumber
eth_blockNumber
eth_getLogs
eth_blockNumber
eth_blockNumber
eth_getLogs
eth_blockNumber
eth_getLogs
eth_blockNumber
eth_blockNumber
eth_getLogs
eth_blockNumber
eth_blockNumber
eth_getLogs
eth_blockNumber
eth_getLogs
eth_blockNumber
eth_blockNumber
eth_getLogs
eth_blockNumber
eth_blockNumber
eth_getLogs
eth_blockNumber
eth_blockNumber
eth_getLogs
eth_blockNumber
eth_getLogs
eth_blockNumber
eth_blockNumber
eth_getLogs
eth_blockNumber
eth_blockNumber
eth_getLogs
eth_blockNumber
eth_getLogs
eth_blockNumber
eth_blockNumber
eth_getLogs
eth_blockNumber
eth_blockNumber
eth_getLogs
eth_blockNumber
eth_getLogs
eth_blockNumber
eth_blockNumber
eth_getLogs
eth_blockNumber
eth_blockNumber
eth_getLogs
eth_blockNumber
eth_getLogs
eth_blockNumber
eth_blockNumber
eth_getLogs
eth_blockNumber
eth_blockNumber
eth_getLogs
eth_blockNumber
eth_getLogs
eth_blockNumber
eth_blockNumber
eth_getLogs
eth_blockNumber
eth_blockNumber
eth_getLogs
eth_blockNumber
eth_getLogs
eth_blockNumber
eth_blockNumber
eth_getLogs
eth_blockNumber
eth_blockNumber
eth_getLogs
eth_blockNumber
eth_blockNumber
eth_getLogs
eth_blockNumber
eth_getLogs
eth_blockNumber
eth_blockNumber
eth_getLogs
eth_blockNumber
eth_blockNumber
eth_getLogs
eth_blockNumber
eth_getLogs
eth_blockNumber
eth_blockNumber
eth_getLogs
eth_blockNumber
eth_blockNumber
eth_getLogs
eth_blockNumber
eth_getLogs
eth_blockNumber
eth_blockNumber
eth_getLogs
eth_blockNumber
eth_blockNumber
eth_getLogs
eth_blockNumber
eth_getLogs
eth_blockNumber
eth_blockNumber
eth_getLogs
eth_blockNumber
eth_blockNumber
eth_getLogs
eth_blockNumber
eth_getLogs
eth_blockNumber
eth_blockNumber
eth_getLogs
eth_blockNumber
eth_blockNumber
eth_getLogs
eth_blockNumber
eth_getLogs
eth_blockNumber
eth_blockNumber
eth_getLogs
eth_blockNumber
eth_blockNumber
eth_getLogs
eth_blockNumber
eth_getLogs
eth_blockNumber
eth_blockNumber
eth_getLogs
eth_blockNumber
eth_blockNumber
eth_getLogs
eth_blockNumber
eth_blockNumber
eth_getLogs
eth_blockNumber
eth_getLogs
eth_blockNumber
eth_blockNumber
eth_getLogs
eth_blockNumber
eth_blockNumber
eth_getLogs
eth_blockNumber
eth_getLogs
eth_blockNumber
eth_blockNumber
eth_getLogs
eth_blockNumber
eth_blockNumber
eth_getLogs
eth_blockNumber
eth_getLogs
eth_blockNumber
eth_blockNumber
eth_getLogs
eth_blockNumber
eth_blockNumber
eth_getLogs
eth_blockNumber
eth_getLogs
eth_blockNumber
eth_blockNumber
eth_getLogs
eth_blockNumber
eth_blockNumber
eth_getLogs
eth_blockNumber
eth_getLogs
eth_blockNumber
eth_blockNumber
eth_getLogs
eth_blockNumber
eth_blockNumber
eth_getLogs
eth_blockNumber
eth_getLogs
eth_blockNumber
eth_blockNumber
eth_getLogs
eth_blockNumber
eth_blockNumber
eth_getLogs
eth_blockNumber
eth_getLogs
eth_blockNumber
eth_blockNumber
eth_getLogs
eth_blockNumber
eth_blockNumber
eth_getLogs
eth_blockNumber
eth_blockNumber
eth_getLogs
eth_blockNumber
eth_getLogs
eth_blockNumber
eth_blockNumber
eth_getLogs
eth_blockNumber
eth_blockNumber
eth_getLogs
eth_blockNumber
eth_getLogs
eth_blockNumber
eth_blockNumber
eth_getLogs
eth_blockNumber
eth_blockNumber
eth_getLogs
eth_blockNumber
eth_getLogs
eth_blockNumber
eth_blockNumber
eth_getLogs
eth_blockNumber
eth_blockNumber
eth_getLogs
eth_blockNumber
eth_getLogs
eth_blockNumber
eth_blockNumber
eth_getLogs
eth_blockNumber
eth_blockNumber
eth_getLogs
eth_blockNumber
eth_getLogs
eth_blockNumber
eth_blockNumber
eth_getLogs
eth_blockNumber
eth_blockNumber
eth_getLogs
